<?xml version="1.0" encoding="UTF-8"?>
<coverage generated="1735296570206" clover="3.2.0">
  <project timestamp="1735296570206" name="All files">
    <metrics statements="207" coveredstatements="176" conditionals="248" coveredconditionals="163" methods="32" coveredmethods="28" elements="487" coveredelements="367" complexity="0" loc="207" ncloc="207" packages="3" files="3" classes="3"/>
    <package name="constants">
      <metrics statements="10" coveredstatements="8" conditionals="0" coveredconditionals="0" methods="2" coveredmethods="0"/>
      <file name="riskFactors.js" path="/Users/waliddib/hospiAi/src/constants/riskFactors.js">
        <metrics statements="10" coveredstatements="8" conditionals="0" coveredconditionals="0" methods="2" coveredmethods="0"/>
        <line num="1" count="1" type="stmt"/>
        <line num="5" count="0" type="stmt"/>
        <line num="30" count="0" type="stmt"/>
        <line num="56" count="1" type="stmt"/>
        <line num="105" count="1" type="stmt"/>
        <line num="127" count="1" type="stmt"/>
        <line num="138" count="1" type="stmt"/>
        <line num="198" count="1" type="stmt"/>
        <line num="310" count="1" type="stmt"/>
        <line num="319" count="1" type="stmt"/>
      </file>
    </package>
    <package name="services">
      <metrics statements="192" coveredstatements="163" conditionals="244" coveredconditionals="160" methods="30" coveredmethods="28"/>
      <file name="scoreCalculator.js" path="/Users/waliddib/hospiAi/src/services/scoreCalculator.js">
        <metrics statements="192" coveredstatements="163" conditionals="244" coveredconditionals="160" methods="30" coveredmethods="28"/>
        <line num="8" count="1" type="stmt"/>
        <line num="9" count="1" type="stmt"/>
        <line num="14" count="3" type="stmt"/>
        <line num="15" count="3" type="stmt"/>
        <line num="16" count="3" type="stmt"/>
        <line num="17" count="3" type="stmt"/>
        <line num="20" count="3" type="stmt"/>
        <line num="21" count="3" type="stmt"/>
        <line num="22" count="18" type="cond" truecount="2" falsecount="0"/>
        <line num="23" count="4" type="stmt"/>
        <line num="24" count="4" type="stmt"/>
        <line num="29" count="3" type="cond" truecount="2" falsecount="2"/>
        <line num="30" count="3" type="cond" truecount="1" falsecount="1"/>
        <line num="31" count="3" type="cond" truecount="3" falsecount="1"/>
        <line num="32" count="3" type="cond" truecount="3" falsecount="1"/>
        <line num="34" count="3" type="stmt"/>
        <line num="44" count="0" type="stmt"/>
        <line num="45" count="0" type="stmt"/>
        <line num="50" count="1" type="stmt"/>
        <line num="51" count="1" type="stmt"/>
        <line num="52" count="1" type="stmt"/>
        <line num="54" count="1" type="cond" truecount="1" falsecount="1"/>
        <line num="55" count="1" type="cond" truecount="1" falsecount="1"/>
        <line num="56" count="1" type="cond" truecount="1" falsecount="1"/>
        <line num="58" count="1" type="stmt"/>
        <line num="60" count="1" type="stmt"/>
        <line num="74" count="0" type="stmt"/>
        <line num="75" count="0" type="stmt"/>
        <line num="80" count="3" type="stmt"/>
        <line num="82" count="3" type="cond" truecount="5" falsecount="0"/>
        <line num="83" count="1" type="stmt"/>
        <line num="98" count="2" type="stmt"/>
        <line num="100" count="2" type="cond" truecount="2" falsecount="0"/>
        <line num="102" count="1" type="cond" truecount="3" falsecount="1"/>
        <line num="103" count="1" type="cond" truecount="1" falsecount="1"/>
        <line num="104" count="0" type="cond" truecount="0" falsecount="2"/>
        <line num="107" count="1" type="cond" truecount="2" falsecount="3"/>
        <line num="109" count="1" type="stmt"/>
        <line num="111" count="1" type="cond" truecount="4" falsecount="1"/>
        <line num="112" count="1" type="cond" truecount="4" falsecount="1"/>
        <line num="113" count="1" type="cond" truecount="4" falsecount="1"/>
        <line num="114" count="1" type="cond" truecount="4" falsecount="1"/>
        <line num="115" count="1" type="cond" truecount="3" falsecount="1"/>
        <line num="116" count="1" type="cond" truecount="2" falsecount="3"/>
        <line num="119" count="1" type="cond" truecount="4" falsecount="1"/>
        <line num="120" count="1" type="cond" truecount="2" falsecount="3"/>
        <line num="121" count="1" type="cond" truecount="1" falsecount="1"/>
        <line num="122" count="1" type="cond" truecount="1" falsecount="1"/>
        <line num="123" count="1" type="cond" truecount="1" falsecount="1"/>
        <line num="124" count="1" type="cond" truecount="1" falsecount="1"/>
        <line num="125" count="1" type="cond" truecount="1" falsecount="1"/>
        <line num="128" count="2" type="stmt"/>
        <line num="129" count="2" type="stmt"/>
        <line num="131" count="2" type="stmt"/>
        <line num="145" count="0" type="stmt"/>
        <line num="146" count="0" type="stmt"/>
        <line num="151" count="1" type="stmt"/>
        <line num="152" count="1" type="stmt"/>
        <line num="154" count="1" type="cond" truecount="1" falsecount="1"/>
        <line num="155" count="0" type="cond" truecount="0" falsecount="2"/>
        <line num="156" count="1" type="cond" truecount="1" falsecount="1"/>
        <line num="157" count="1" type="cond" truecount="1" falsecount="1"/>
        <line num="158" count="1" type="cond" truecount="1" falsecount="1"/>
        <line num="159" count="1" type="cond" truecount="1" falsecount="1"/>
        <line num="160" count="1" type="cond" truecount="1" falsecount="1"/>
        <line num="161" count="1" type="cond" truecount="1" falsecount="1"/>
        <line num="163" count="1" type="stmt"/>
        <line num="164" count="1" type="stmt"/>
        <line num="165" count="1" type="stmt"/>
        <line num="167" count="1" type="stmt"/>
        <line num="182" count="0" type="stmt"/>
        <line num="183" count="0" type="stmt"/>
        <line num="189" count="4" type="cond" truecount="2" falsecount="0"/>
        <line num="190" count="3" type="cond" truecount="2" falsecount="0"/>
        <line num="191" count="2" type="stmt"/>
        <line num="195" count="6" type="stmt"/>
        <line num="208" count="6" type="cond" truecount="2" falsecount="0"/>
        <line num="209" count="6" type="stmt"/>
        <line num="210" count="12" type="cond" truecount="2" falsecount="0"/>
        <line num="212" count="0" type="stmt"/>
        <line num="216" count="5" type="cond" truecount="2" falsecount="0"/>
        <line num="217" count="4" type="cond" truecount="2" falsecount="0"/>
        <line num="218" count="3" type="cond" truecount="2" falsecount="0"/>
        <line num="219" count="2" type="stmt"/>
        <line num="223" count="5" type="stmt"/>
        <line num="228" count="5" type="stmt"/>
        <line num="232" count="10" type="cond" truecount="2" falsecount="0"/>
        <line num="233" count="6" type="cond" truecount="2" falsecount="0"/>
        <line num="234" count="3" type="cond" truecount="2" falsecount="0"/>
        <line num="235" count="2" type="stmt"/>
        <line num="237" count="4" type="cond" truecount="2" falsecount="0"/>
        <line num="238" count="3" type="cond" truecount="2" falsecount="0"/>
        <line num="239" count="2" type="stmt"/>
        <line num="245" count="0" type="stmt"/>
        <line num="246" count="0" type="cond" truecount="0" falsecount="2"/>
        <line num="247" count="0" type="stmt"/>
        <line num="249" count="0" type="stmt"/>
        <line num="253" count="2" type="stmt"/>
        <line num="254" count="2" type="stmt"/>
        <line num="255" count="2" type="stmt"/>
        <line num="256" count="2" type="stmt"/>
        <line num="259" count="2" type="cond" truecount="2" falsecount="0"/>
        <line num="260" count="1" type="cond" truecount="1" falsecount="1"/>
        <line num="261" count="1" type="cond" truecount="1" falsecount="1"/>
        <line num="263" count="2" type="cond" truecount="2" falsecount="0"/>
        <line num="264" count="1" type="cond" truecount="1" falsecount="1"/>
        <line num="265" count="1" type="stmt"/>
        <line num="267" count="2" type="cond" truecount="2" falsecount="0"/>
        <line num="268" count="1" type="cond" truecount="1" falsecount="1"/>
        <line num="269" count="1" type="stmt"/>
        <line num="271" count="2" type="cond" truecount="2" falsecount="0"/>
        <line num="272" count="1" type="cond" truecount="1" falsecount="1"/>
        <line num="273" count="1" type="stmt"/>
        <line num="275" count="2" type="cond" truecount="2" falsecount="0"/>
        <line num="276" count="1" type="cond" truecount="1" falsecount="1"/>
        <line num="277" count="1" type="cond" truecount="1" falsecount="1"/>
        <line num="280" count="2" type="cond" truecount="3" falsecount="1"/>
        <line num="282" count="2" type="stmt"/>
        <line num="288" count="2" type="stmt"/>
        <line num="296" count="0" type="stmt"/>
        <line num="297" count="0" type="stmt"/>
        <line num="302" count="1" type="stmt"/>
        <line num="303" count="1" type="stmt"/>
        <line num="309" count="1" type="stmt"/>
        <line num="320" count="0" type="stmt"/>
        <line num="321" count="0" type="stmt"/>
        <line num="326" count="1" type="stmt"/>
        <line num="327" count="1" type="stmt"/>
        <line num="330" count="1" type="cond" truecount="1" falsecount="1"/>
        <line num="331" count="1" type="cond" truecount="1" falsecount="1"/>
        <line num="332" count="1" type="cond" truecount="1" falsecount="1"/>
        <line num="333" count="1" type="cond" truecount="1" falsecount="1"/>
        <line num="335" count="1" type="stmt"/>
        <line num="345" count="0" type="stmt"/>
        <line num="346" count="0" type="stmt"/>
        <line num="351" count="2" type="stmt"/>
        <line num="352" count="2" type="stmt"/>
        <line num="355" count="2" type="cond" truecount="2" falsecount="0"/>
        <line num="356" count="1" type="cond" truecount="1" falsecount="1"/>
        <line num="358" count="2" type="cond" truecount="2" falsecount="0"/>
        <line num="359" count="1" type="cond" truecount="1" falsecount="1"/>
        <line num="361" count="2" type="cond" truecount="2" falsecount="0"/>
        <line num="362" count="1" type="cond" truecount="4" falsecount="1"/>
        <line num="364" count="2" type="cond" truecount="2" falsecount="0"/>
        <line num="365" count="1" type="cond" truecount="1" falsecount="1"/>
        <line num="367" count="2" type="cond" truecount="2" falsecount="0"/>
        <line num="368" count="1" type="cond" truecount="3" falsecount="1"/>
        <line num="370" count="2" type="stmt"/>
        <line num="381" count="0" type="stmt"/>
        <line num="382" count="0" type="stmt"/>
        <line num="387" count="4" type="cond" truecount="2" falsecount="0"/>
        <line num="388" count="2" type="cond" truecount="1" falsecount="1"/>
        <line num="389" count="2" type="stmt"/>
        <line num="393" count="1" type="cond" truecount="1" falsecount="1"/>
        <line num="394" count="1" type="cond" truecount="1" falsecount="1"/>
        <line num="395" count="0" type="stmt"/>
        <line num="399" count="1" type="cond" truecount="1" falsecount="1"/>
        <line num="400" count="0" type="cond" truecount="0" falsecount="2"/>
        <line num="401" count="0" type="cond" truecount="0" falsecount="2"/>
        <line num="402" count="0" type="stmt"/>
        <line num="407" count="6" type="cond" truecount="1" falsecount="1"/>
        <line num="408" count="6" type="cond" truecount="1" falsecount="1"/>
        <line num="409" count="6" type="stmt"/>
        <line num="413" count="3" type="cond" truecount="1" falsecount="1"/>
        <line num="414" count="3" type="cond" truecount="1" falsecount="1"/>
        <line num="415" count="3" type="stmt"/>
        <line num="419" count="3" type="stmt"/>
        <line num="427" count="3" type="stmt"/>
        <line num="431" count="3" type="cond" truecount="1" falsecount="1"/>
        <line num="432" count="3" type="cond" truecount="1" falsecount="1"/>
        <line num="433" count="3" type="stmt"/>
        <line num="437" count="3" type="cond" truecount="1" falsecount="1"/>
        <line num="438" count="3" type="cond" truecount="1" falsecount="1"/>
        <line num="439" count="3" type="stmt"/>
        <line num="443" count="2" type="cond" truecount="1" falsecount="1"/>
        <line num="444" count="2" type="cond" truecount="1" falsecount="1"/>
        <line num="445" count="2" type="stmt"/>
        <line num="449" count="1" type="cond" truecount="1" falsecount="1"/>
        <line num="450" count="1" type="cond" truecount="1" falsecount="1"/>
        <line num="451" count="1" type="stmt"/>
        <line num="455" count="3" type="cond" truecount="2" falsecount="0"/>
        <line num="456" count="2" type="cond" truecount="2" falsecount="0"/>
        <line num="457" count="1" type="stmt"/>
        <line num="459" count="1" type="cond" truecount="1" falsecount="1"/>
        <line num="460" count="0" type="stmt"/>
        <line num="465" count="1" type="cond" truecount="1" falsecount="1"/>
        <line num="466" count="1" type="cond" truecount="1" falsecount="1"/>
        <line num="467" count="1" type="stmt"/>
        <line num="471" count="1" type="cond" truecount="1" falsecount="1"/>
        <line num="472" count="1" type="stmt"/>
        <line num="478" count="0" type="stmt"/>
        <line num="482" count="1" type="stmt"/>
      </file>
    </package>
    <package name="utils">
      <metrics statements="5" coveredstatements="5" conditionals="4" coveredconditionals="3" methods="0" coveredmethods="0"/>
      <file name="logger.js" path="/Users/waliddib/hospiAi/src/utils/logger.js">
        <metrics statements="5" coveredstatements="5" conditionals="4" coveredconditionals="3" methods="0" coveredmethods="0"/>
        <line num="1" count="1" type="stmt"/>
        <line num="3" count="1" type="stmt"/>
        <line num="15" count="1" type="cond" truecount="1" falsecount="1"/>
        <line num="16" count="1" type="stmt"/>
        <line num="21" count="1" type="stmt"/>
      </file>
    </package>
  </project>
</coverage>
