{"/Users/waliddib/hospiAi/src/constants/riskFactors.js": {"path":"/Users/waliddib/hospiAi/src/constants/riskFactors.js","statementMap":{"0":{"start":{"line":1,"column":29},"end":{"line":54,"column":1}},"1":{"start":{"line":5,"column":24},"end":{"line":5,"column":45}},"2":{"start":{"line":30,"column":26},"end":{"line":30,"column":46}},"3":{"start":{"line":56,"column":22},"end":{"line":103,"column":1}},"4":{"start":{"line":105,"column":21},"end":{"line":125,"column":1}},"5":{"start":{"line":127,"column":29},"end":{"line":136,"column":1}},"6":{"start":{"line":138,"column":23},"end":{"line":196,"column":1}},"7":{"start":{"line":198,"column":23},"end":{"line":308,"column":1}},"8":{"start":{"line":310,"column":28},"end":{"line":317,"column":1}},"9":{"start":{"line":319,"column":0},"end":{"line":327,"column":2}}},"fnMap":{"0":{"name":"(anonymous_0)","decl":{"start":{"line":5,"column":15},"end":{"line":5,"column":16}},"loc":{"start":{"line":5,"column":24},"end":{"line":5,"column":45}},"line":5},"1":{"name":"(anonymous_1)","decl":{"start":{"line":30,"column":15},"end":{"line":30,"column":16}},"loc":{"start":{"line":30,"column":26},"end":{"line":30,"column":46}},"line":30}},"branchMap":{},"s":{"0":1,"1":0,"2":0,"3":1,"4":1,"5":1,"6":1,"7":1,"8":1,"9":1},"f":{"0":0,"1":0},"b":{},"_coverageSchema":"1a1c01bbd47fc00a2c39e90264f33305004495a9","hash":"ebc15fecba37a486bc1d3c6a39cbc786fffe3e7f"}
,"/Users/waliddib/hospiAi/src/services/scoreCalculator.js": {"path":"/Users/waliddib/hospiAi/src/services/scoreCalculator.js","statementMap":{"0":{"start":{"line":8,"column":4},"end":{"line":8,"column":39}},"1":{"start":{"line":9,"column":15},"end":{"line":9,"column":41}},"2":{"start":{"line":14,"column":4},"end":{"line":46,"column":5}},"3":{"start":{"line":15,"column":18},"end":{"line":15,"column":19}},"4":{"start":{"line":16,"column":24},"end":{"line":16,"column":27}},"5":{"start":{"line":17,"column":32},"end":{"line":17,"column":34}},"6":{"start":{"line":20,"column":29},"end":{"line":20,"column":87}},"7":{"start":{"line":21,"column":6},"end":{"line":26,"column":9}},"8":{"start":{"line":22,"column":8},"end":{"line":25,"column":9}},"9":{"start":{"line":23,"column":10},"end":{"line":23,"column":40}},"10":{"start":{"line":24,"column":10},"end":{"line":24,"column":55}},"11":{"start":{"line":29,"column":6},"end":{"line":29,"column":95}},"12":{"start":{"line":29,"column":22},"end":{"line":29,"column":95}},"13":{"start":{"line":30,"column":6},"end":{"line":30,"column":77}},"14":{"start":{"line":30,"column":25},"end":{"line":30,"column":77}},"15":{"start":{"line":31,"column":6},"end":{"line":31,"column":113}},"16":{"start":{"line":31,"column":29},"end":{"line":31,"column":113}},"17":{"start":{"line":32,"column":6},"end":{"line":32,"column":98}},"18":{"start":{"line":32,"column":23},"end":{"line":32,"column":98}},"19":{"start":{"line":34,"column":6},"end":{"line":42,"column":8}},"20":{"start":{"line":44,"column":6},"end":{"line":44,"column":80}},"21":{"start":{"line":45,"column":6},"end":{"line":45,"column":18}},"22":{"start":{"line":50,"column":4},"end":{"line":76,"column":5}},"23":{"start":{"line":51,"column":18},"end":{"line":51,"column":19}},"24":{"start":{"line":52,"column":24},"end":{"line":52,"column":27}},"25":{"start":{"line":54,"column":6},"end":{"line":54,"column":61}},"26":{"start":{"line":54,"column":22},"end":{"line":54,"column":61}},"27":{"start":{"line":55,"column":6},"end":{"line":55,"column":79}},"28":{"start":{"line":55,"column":28},"end":{"line":55,"column":79}},"29":{"start":{"line":56,"column":6},"end":{"line":56,"column":82}},"30":{"start":{"line":56,"column":29},"end":{"line":56,"column":82}},"31":{"start":{"line":58,"column":24},"end":{"line":58,"column":53}},"32":{"start":{"line":60,"column":6},"end":{"line":72,"column":8}},"33":{"start":{"line":74,"column":6},"end":{"line":74,"column":77}},"34":{"start":{"line":75,"column":6},"end":{"line":75,"column":18}},"35":{"start":{"line":80,"column":4},"end":{"line":147,"column":5}},"36":{"start":{"line":82,"column":6},"end":{"line":96,"column":7}},"37":{"start":{"line":82,"column":94},"end":{"line":82,"column":99}},"38":{"start":{"line":83,"column":8},"end":{"line":95,"column":10}},"39":{"start":{"line":98,"column":18},"end":{"line":98,"column":19}},"40":{"start":{"line":100,"column":6},"end":{"line":126,"column":7}},"41":{"start":{"line":102,"column":8},"end":{"line":105,"column":9}},"42":{"start":{"line":103,"column":10},"end":{"line":104,"column":48}},"43":{"start":{"line":103,"column":32},"end":{"line":103,"column":43}},"44":{"start":{"line":104,"column":15},"end":{"line":104,"column":48}},"45":{"start":{"line":104,"column":37},"end":{"line":104,"column":48}},"46":{"start":{"line":107,"column":8},"end":{"line":109,"column":47}},"47":{"start":{"line":109,"column":36},"end":{"line":109,"column":47}},"48":{"start":{"line":111,"column":8},"end":{"line":111,"column":110}},"49":{"start":{"line":111,"column":99},"end":{"line":111,"column":110}},"50":{"start":{"line":112,"column":8},"end":{"line":112,"column":107}},"51":{"start":{"line":112,"column":96},"end":{"line":112,"column":107}},"52":{"start":{"line":113,"column":8},"end":{"line":113,"column":111}},"53":{"start":{"line":113,"column":100},"end":{"line":113,"column":111}},"54":{"start":{"line":114,"column":8},"end":{"line":114,"column":97}},"55":{"start":{"line":114,"column":86},"end":{"line":114,"column":97}},"56":{"start":{"line":115,"column":8},"end":{"line":115,"column":73}},"57":{"start":{"line":115,"column":62},"end":{"line":115,"column":73}},"58":{"start":{"line":116,"column":8},"end":{"line":116,"column":123}},"59":{"start":{"line":116,"column":112},"end":{"line":116,"column":123}},"60":{"start":{"line":119,"column":8},"end":{"line":119,"column":89}},"61":{"start":{"line":119,"column":78},"end":{"line":119,"column":89}},"62":{"start":{"line":120,"column":8},"end":{"line":120,"column":112}},"63":{"start":{"line":120,"column":101},"end":{"line":120,"column":112}},"64":{"start":{"line":121,"column":8},"end":{"line":121,"column":49}},"65":{"start":{"line":121,"column":38},"end":{"line":121,"column":49}},"66":{"start":{"line":122,"column":8},"end":{"line":122,"column":54}},"67":{"start":{"line":122,"column":43},"end":{"line":122,"column":54}},"68":{"start":{"line":123,"column":8},"end":{"line":123,"column":53}},"69":{"start":{"line":123,"column":42},"end":{"line":123,"column":53}},"70":{"start":{"line":124,"column":8},"end":{"line":124,"column":56}},"71":{"start":{"line":124,"column":45},"end":{"line":124,"column":56}},"72":{"start":{"line":125,"column":8},"end":{"line":125,"column":52}},"73":{"start":{"line":125,"column":41},"end":{"line":125,"column":52}},"74":{"start":{"line":128,"column":29},"end":{"line":128,"column":65}},"75":{"start":{"line":129,"column":24},"end":{"line":129,"column":58}},"76":{"start":{"line":131,"column":6},"end":{"line":143,"column":8}},"77":{"start":{"line":145,"column":6},"end":{"line":145,"column":76}},"78":{"start":{"line":146,"column":6},"end":{"line":146,"column":18}},"79":{"start":{"line":151,"column":4},"end":{"line":184,"column":5}},"80":{"start":{"line":152,"column":18},"end":{"line":152,"column":19}},"81":{"start":{"line":154,"column":6},"end":{"line":155,"column":44}},"82":{"start":{"line":154,"column":28},"end":{"line":154,"column":39}},"83":{"start":{"line":155,"column":11},"end":{"line":155,"column":44}},"84":{"start":{"line":155,"column":33},"end":{"line":155,"column":44}},"85":{"start":{"line":156,"column":6},"end":{"line":156,"column":44}},"86":{"start":{"line":156,"column":33},"end":{"line":156,"column":44}},"87":{"start":{"line":157,"column":6},"end":{"line":157,"column":52}},"88":{"start":{"line":157,"column":41},"end":{"line":157,"column":52}},"89":{"start":{"line":158,"column":6},"end":{"line":158,"column":42}},"90":{"start":{"line":158,"column":31},"end":{"line":158,"column":42}},"91":{"start":{"line":159,"column":6},"end":{"line":159,"column":36}},"92":{"start":{"line":159,"column":25},"end":{"line":159,"column":36}},"93":{"start":{"line":160,"column":6},"end":{"line":160,"column":45}},"94":{"start":{"line":160,"column":34},"end":{"line":160,"column":45}},"95":{"start":{"line":161,"column":6},"end":{"line":161,"column":38}},"96":{"start":{"line":161,"column":27},"end":{"line":161,"column":38}},"97":{"start":{"line":163,"column":24},"end":{"line":163,"column":59}},"98":{"start":{"line":164,"column":31},"end":{"line":164,"column":68}},"99":{"start":{"line":165,"column":29},"end":{"line":165,"column":69}},"100":{"start":{"line":167,"column":6},"end":{"line":180,"column":8}},"101":{"start":{"line":182,"column":6},"end":{"line":182,"column":84}},"102":{"start":{"line":183,"column":6},"end":{"line":183,"column":18}},"103":{"start":{"line":189,"column":4},"end":{"line":189,"column":88}},"104":{"start":{"line":189,"column":21},"end":{"line":189,"column":88}},"105":{"start":{"line":190,"column":4},"end":{"line":190,"column":96}},"106":{"start":{"line":190,"column":21},"end":{"line":190,"column":96}},"107":{"start":{"line":191,"column":4},"end":{"line":191,"column":70}},"108":{"start":{"line":195,"column":19},"end":{"line":206,"column":5}},"109":{"start":{"line":208,"column":23},"end":{"line":208,"column":63}},"110":{"start":{"line":209,"column":4},"end":{"line":211,"column":5}},"111":{"start":{"line":209,"column":17},"end":{"line":209,"column":38}},"112":{"start":{"line":210,"column":6},"end":{"line":210,"column":69}},"113":{"start":{"line":210,"column":34},"end":{"line":210,"column":69}},"114":{"start":{"line":212,"column":4},"end":{"line":212,"column":27}},"115":{"start":{"line":216,"column":4},"end":{"line":216,"column":42}},"116":{"start":{"line":216,"column":21},"end":{"line":216,"column":42}},"117":{"start":{"line":217,"column":4},"end":{"line":217,"column":37}},"118":{"start":{"line":217,"column":21},"end":{"line":217,"column":37}},"119":{"start":{"line":218,"column":4},"end":{"line":218,"column":37}},"120":{"start":{"line":218,"column":21},"end":{"line":218,"column":37}},"121":{"start":{"line":219,"column":4},"end":{"line":219,"column":19}},"122":{"start":{"line":223,"column":22},"end":{"line":227,"column":5}},"123":{"start":{"line":228,"column":4},"end":{"line":228,"column":41}},"124":{"start":{"line":232,"column":4},"end":{"line":240,"column":5}},"125":{"start":{"line":233,"column":6},"end":{"line":233,"column":61}},"126":{"start":{"line":233,"column":22},"end":{"line":233,"column":61}},"127":{"start":{"line":234,"column":6},"end":{"line":234,"column":68}},"128":{"start":{"line":234,"column":22},"end":{"line":234,"column":68}},"129":{"start":{"line":235,"column":6},"end":{"line":235,"column":45}},"130":{"start":{"line":237,"column":6},"end":{"line":237,"column":69}},"131":{"start":{"line":237,"column":22},"end":{"line":237,"column":69}},"132":{"start":{"line":238,"column":6},"end":{"line":238,"column":77}},"133":{"start":{"line":238,"column":22},"end":{"line":238,"column":77}},"134":{"start":{"line":239,"column":6},"end":{"line":239,"column":53}},"135":{"start":{"line":245,"column":20},"end":{"line":245,"column":66}},"136":{"start":{"line":245,"column":51},"end":{"line":245,"column":65}},"137":{"start":{"line":246,"column":4},"end":{"line":248,"column":5}},"138":{"start":{"line":247,"column":6},"end":{"line":247,"column":69}},"139":{"start":{"line":249,"column":4},"end":{"line":249,"column":16}},"140":{"start":{"line":253,"column":4},"end":{"line":298,"column":5}},"141":{"start":{"line":254,"column":18},"end":{"line":254,"column":19}},"142":{"start":{"line":255,"column":24},"end":{"line":255,"column":27}},"143":{"start":{"line":256,"column":23},"end":{"line":256,"column":25}},"144":{"start":{"line":259,"column":6},"end":{"line":261,"column":55}},"145":{"start":{"line":259,"column":37},"end":{"line":259,"column":48}},"146":{"start":{"line":260,"column":11},"end":{"line":261,"column":55}},"147":{"start":{"line":260,"column":42},"end":{"line":260,"column":53}},"148":{"start":{"line":261,"column":11},"end":{"line":261,"column":55}},"149":{"start":{"line":261,"column":44},"end":{"line":261,"column":55}},"150":{"start":{"line":263,"column":6},"end":{"line":265,"column":22}},"151":{"start":{"line":263,"column":32},"end":{"line":263,"column":43}},"152":{"start":{"line":264,"column":11},"end":{"line":265,"column":22}},"153":{"start":{"line":264,"column":38},"end":{"line":264,"column":49}},"154":{"start":{"line":265,"column":11},"end":{"line":265,"column":22}},"155":{"start":{"line":267,"column":6},"end":{"line":269,"column":22}},"156":{"start":{"line":267,"column":32},"end":{"line":267,"column":43}},"157":{"start":{"line":268,"column":11},"end":{"line":269,"column":22}},"158":{"start":{"line":268,"column":38},"end":{"line":268,"column":49}},"159":{"start":{"line":269,"column":11},"end":{"line":269,"column":22}},"160":{"start":{"line":271,"column":6},"end":{"line":273,"column":22}},"161":{"start":{"line":271,"column":34},"end":{"line":271,"column":45}},"162":{"start":{"line":272,"column":11},"end":{"line":273,"column":22}},"163":{"start":{"line":272,"column":40},"end":{"line":272,"column":51}},"164":{"start":{"line":273,"column":11},"end":{"line":273,"column":22}},"165":{"start":{"line":275,"column":6},"end":{"line":277,"column":62}},"166":{"start":{"line":275,"column":44},"end":{"line":275,"column":55}},"167":{"start":{"line":276,"column":11},"end":{"line":277,"column":62}},"168":{"start":{"line":276,"column":49},"end":{"line":276,"column":60}},"169":{"start":{"line":277,"column":11},"end":{"line":277,"column":62}},"170":{"start":{"line":277,"column":51},"end":{"line":277,"column":62}},"171":{"start":{"line":280,"column":27},"end":{"line":280,"column":68}},"172":{"start":{"line":282,"column":6},"end":{"line":286,"column":9}},"173":{"start":{"line":288,"column":6},"end":{"line":294,"column":8}},"174":{"start":{"line":296,"column":6},"end":{"line":296,"column":82}},"175":{"start":{"line":297,"column":6},"end":{"line":297,"column":18}},"176":{"start":{"line":302,"column":4},"end":{"line":322,"column":5}},"177":{"start":{"line":303,"column":20},"end":{"line":307,"column":7}},"178":{"start":{"line":309,"column":6},"end":{"line":318,"column":8}},"179":{"start":{"line":320,"column":6},"end":{"line":320,"column":76}},"180":{"start":{"line":321,"column":6},"end":{"line":321,"column":18}},"181":{"start":{"line":326,"column":4},"end":{"line":347,"column":5}},"182":{"start":{"line":327,"column":18},"end":{"line":327,"column":19}},"183":{"start":{"line":330,"column":6},"end":{"line":330,"column":44}},"184":{"start":{"line":330,"column":33},"end":{"line":330,"column":44}},"185":{"start":{"line":331,"column":6},"end":{"line":331,"column":45}},"186":{"start":{"line":331,"column":34},"end":{"line":331,"column":45}},"187":{"start":{"line":332,"column":6},"end":{"line":332,"column":45}},"188":{"start":{"line":332,"column":34},"end":{"line":332,"column":45}},"189":{"start":{"line":333,"column":6},"end":{"line":333,"column":42}},"190":{"start":{"line":333,"column":31},"end":{"line":333,"column":42}},"191":{"start":{"line":335,"column":6},"end":{"line":343,"column":8}},"192":{"start":{"line":345,"column":6},"end":{"line":345,"column":85}},"193":{"start":{"line":346,"column":6},"end":{"line":346,"column":18}},"194":{"start":{"line":351,"column":4},"end":{"line":383,"column":5}},"195":{"start":{"line":352,"column":18},"end":{"line":352,"column":19}},"196":{"start":{"line":355,"column":6},"end":{"line":356,"column":44}},"197":{"start":{"line":355,"column":28},"end":{"line":355,"column":39}},"198":{"start":{"line":356,"column":11},"end":{"line":356,"column":44}},"199":{"start":{"line":356,"column":33},"end":{"line":356,"column":44}},"200":{"start":{"line":358,"column":6},"end":{"line":359,"column":58}},"201":{"start":{"line":358,"column":42},"end":{"line":358,"column":53}},"202":{"start":{"line":359,"column":11},"end":{"line":359,"column":58}},"203":{"start":{"line":359,"column":47},"end":{"line":359,"column":58}},"204":{"start":{"line":361,"column":6},"end":{"line":362,"column":130}},"205":{"start":{"line":361,"column":47},"end":{"line":361,"column":58}},"206":{"start":{"line":362,"column":11},"end":{"line":362,"column":130}},"207":{"start":{"line":362,"column":119},"end":{"line":362,"column":130}},"208":{"start":{"line":364,"column":6},"end":{"line":365,"column":62}},"209":{"start":{"line":364,"column":41},"end":{"line":364,"column":52}},"210":{"start":{"line":365,"column":11},"end":{"line":365,"column":62}},"211":{"start":{"line":365,"column":51},"end":{"line":365,"column":62}},"212":{"start":{"line":367,"column":6},"end":{"line":368,"column":101}},"213":{"start":{"line":367,"column":45},"end":{"line":367,"column":56}},"214":{"start":{"line":368,"column":11},"end":{"line":368,"column":101}},"215":{"start":{"line":368,"column":90},"end":{"line":368,"column":101}},"216":{"start":{"line":370,"column":6},"end":{"line":379,"column":8}},"217":{"start":{"line":381,"column":6},"end":{"line":381,"column":82}},"218":{"start":{"line":382,"column":6},"end":{"line":382,"column":18}},"219":{"start":{"line":387,"column":4},"end":{"line":387,"column":89}},"220":{"start":{"line":387,"column":20},"end":{"line":387,"column":89}},"221":{"start":{"line":388,"column":4},"end":{"line":388,"column":70}},"222":{"start":{"line":388,"column":20},"end":{"line":388,"column":70}},"223":{"start":{"line":389,"column":4},"end":{"line":389,"column":65}},"224":{"start":{"line":393,"column":4},"end":{"line":393,"column":43}},"225":{"start":{"line":393,"column":20},"end":{"line":393,"column":43}},"226":{"start":{"line":394,"column":4},"end":{"line":394,"column":43}},"227":{"start":{"line":394,"column":20},"end":{"line":394,"column":43}},"228":{"start":{"line":395,"column":4},"end":{"line":395,"column":26}},"229":{"start":{"line":399,"column":4},"end":{"line":399,"column":48}},"230":{"start":{"line":399,"column":20},"end":{"line":399,"column":48}},"231":{"start":{"line":400,"column":4},"end":{"line":400,"column":43}},"232":{"start":{"line":400,"column":20},"end":{"line":400,"column":43}},"233":{"start":{"line":401,"column":4},"end":{"line":401,"column":43}},"234":{"start":{"line":401,"column":20},"end":{"line":401,"column":43}},"235":{"start":{"line":402,"column":4},"end":{"line":402,"column":26}},"236":{"start":{"line":407,"column":4},"end":{"line":407,"column":42}},"237":{"start":{"line":407,"column":19},"end":{"line":407,"column":42}},"238":{"start":{"line":408,"column":4},"end":{"line":408,"column":42}},"239":{"start":{"line":408,"column":19},"end":{"line":408,"column":42}},"240":{"start":{"line":409,"column":4},"end":{"line":409,"column":26}},"241":{"start":{"line":413,"column":4},"end":{"line":413,"column":28}},"242":{"start":{"line":413,"column":19},"end":{"line":413,"column":28}},"243":{"start":{"line":414,"column":4},"end":{"line":414,"column":28}},"244":{"start":{"line":414,"column":19},"end":{"line":414,"column":28}},"245":{"start":{"line":415,"column":4},"end":{"line":415,"column":13}},"246":{"start":{"line":419,"column":21},"end":{"line":425,"column":6}},"247":{"start":{"line":427,"column":4},"end":{"line":427,"column":20}},"248":{"start":{"line":431,"column":4},"end":{"line":431,"column":52}},"249":{"start":{"line":431,"column":19},"end":{"line":431,"column":52}},"250":{"start":{"line":432,"column":4},"end":{"line":432,"column":53}},"251":{"start":{"line":432,"column":19},"end":{"line":432,"column":53}},"252":{"start":{"line":433,"column":4},"end":{"line":433,"column":37}},"253":{"start":{"line":437,"column":4},"end":{"line":437,"column":60}},"254":{"start":{"line":437,"column":19},"end":{"line":437,"column":60}},"255":{"start":{"line":438,"column":4},"end":{"line":438,"column":69}},"256":{"start":{"line":438,"column":19},"end":{"line":438,"column":69}},"257":{"start":{"line":439,"column":4},"end":{"line":439,"column":57}},"258":{"start":{"line":443,"column":4},"end":{"line":443,"column":63}},"259":{"start":{"line":443,"column":21},"end":{"line":443,"column":63}},"260":{"start":{"line":444,"column":4},"end":{"line":444,"column":71}},"261":{"start":{"line":444,"column":21},"end":{"line":444,"column":71}},"262":{"start":{"line":445,"column":4},"end":{"line":445,"column":45}},"263":{"start":{"line":449,"column":4},"end":{"line":449,"column":77}},"264":{"start":{"line":449,"column":22},"end":{"line":449,"column":77}},"265":{"start":{"line":450,"column":4},"end":{"line":450,"column":62}},"266":{"start":{"line":450,"column":22},"end":{"line":450,"column":62}},"267":{"start":{"line":451,"column":4},"end":{"line":451,"column":47}},"268":{"start":{"line":455,"column":4},"end":{"line":461,"column":5}},"269":{"start":{"line":456,"column":6},"end":{"line":456,"column":85}},"270":{"start":{"line":456,"column":22},"end":{"line":456,"column":85}},"271":{"start":{"line":457,"column":6},"end":{"line":457,"column":58}},"272":{"start":{"line":459,"column":6},"end":{"line":459,"column":67}},"273":{"start":{"line":459,"column":22},"end":{"line":459,"column":67}},"274":{"start":{"line":460,"column":6},"end":{"line":460,"column":50}},"275":{"start":{"line":465,"column":4},"end":{"line":465,"column":65}},"276":{"start":{"line":465,"column":21},"end":{"line":465,"column":65}},"277":{"start":{"line":466,"column":4},"end":{"line":466,"column":57}},"278":{"start":{"line":466,"column":21},"end":{"line":466,"column":57}},"279":{"start":{"line":467,"column":4},"end":{"line":467,"column":41}},"280":{"start":{"line":471,"column":4},"end":{"line":477,"column":5}},"281":{"start":{"line":472,"column":6},"end":{"line":476,"column":8}},"282":{"start":{"line":478,"column":4},"end":{"line":478,"column":49}},"283":{"start":{"line":482,"column":0},"end":{"line":482,"column":39}}},"fnMap":{"0":{"name":"(anonymous_0)","decl":{"start":{"line":13,"column":2},"end":{"line":13,"column":3}},"loc":{"start":{"line":13,"column":31},"end":{"line":47,"column":3}},"line":13},"1":{"name":"(anonymous_1)","decl":{"start":{"line":21,"column":29},"end":{"line":21,"column":30}},"loc":{"start":{"line":21,"column":38},"end":{"line":26,"column":7}},"line":21},"2":{"name":"(anonymous_2)","decl":{"start":{"line":49,"column":2},"end":{"line":49,"column":3}},"loc":{"start":{"line":49,"column":25},"end":{"line":77,"column":3}},"line":49},"3":{"name":"(anonymous_3)","decl":{"start":{"line":79,"column":2},"end":{"line":79,"column":3}},"loc":{"start":{"line":79,"column":30},"end":{"line":148,"column":3}},"line":79},"4":{"name":"(anonymous_4)","decl":{"start":{"line":82,"column":85},"end":{"line":82,"column":86}},"loc":{"start":{"line":82,"column":94},"end":{"line":82,"column":99}},"line":82},"5":{"name":"(anonymous_5)","decl":{"start":{"line":150,"column":2},"end":{"line":150,"column":3}},"loc":{"start":{"line":150,"column":31},"end":{"line":185,"column":3}},"line":150},"6":{"name":"(anonymous_6)","decl":{"start":{"line":188,"column":2},"end":{"line":188,"column":3}},"loc":{"start":{"line":188,"column":27},"end":{"line":192,"column":3}},"line":188},"7":{"name":"(anonymous_7)","decl":{"start":{"line":194,"column":2},"end":{"line":194,"column":3}},"loc":{"start":{"line":194,"column":32},"end":{"line":213,"column":3}},"line":194},"8":{"name":"(anonymous_8)","decl":{"start":{"line":215,"column":2},"end":{"line":215,"column":3}},"loc":{"start":{"line":215,"column":33},"end":{"line":220,"column":3}},"line":215},"9":{"name":"(anonymous_9)","decl":{"start":{"line":222,"column":2},"end":{"line":222,"column":3}},"loc":{"start":{"line":222,"column":35},"end":{"line":229,"column":3}},"line":222},"10":{"name":"(anonymous_10)","decl":{"start":{"line":231,"column":2},"end":{"line":231,"column":3}},"loc":{"start":{"line":231,"column":34},"end":{"line":241,"column":3}},"line":231},"11":{"name":"(anonymous_11)","decl":{"start":{"line":244,"column":2},"end":{"line":244,"column":3}},"loc":{"start":{"line":244,"column":47},"end":{"line":250,"column":3}},"line":244},"12":{"name":"(anonymous_12)","decl":{"start":{"line":245,"column":42},"end":{"line":245,"column":43}},"loc":{"start":{"line":245,"column":51},"end":{"line":245,"column":65}},"line":245},"13":{"name":"(anonymous_13)","decl":{"start":{"line":252,"column":2},"end":{"line":252,"column":3}},"loc":{"start":{"line":252,"column":29},"end":{"line":299,"column":3}},"line":252},"14":{"name":"(anonymous_14)","decl":{"start":{"line":301,"column":2},"end":{"line":301,"column":3}},"loc":{"start":{"line":301,"column":24},"end":{"line":323,"column":3}},"line":301},"15":{"name":"(anonymous_15)","decl":{"start":{"line":325,"column":2},"end":{"line":325,"column":3}},"loc":{"start":{"line":325,"column":30},"end":{"line":348,"column":3}},"line":325},"16":{"name":"(anonymous_16)","decl":{"start":{"line":350,"column":2},"end":{"line":350,"column":3}},"loc":{"start":{"line":350,"column":27},"end":{"line":384,"column":3}},"line":350},"17":{"name":"(anonymous_17)","decl":{"start":{"line":386,"column":2},"end":{"line":386,"column":3}},"loc":{"start":{"line":386,"column":26},"end":{"line":390,"column":3}},"line":386},"18":{"name":"(anonymous_18)","decl":{"start":{"line":392,"column":2},"end":{"line":392,"column":3}},"loc":{"start":{"line":392,"column":23},"end":{"line":396,"column":3}},"line":392},"19":{"name":"(anonymous_19)","decl":{"start":{"line":398,"column":2},"end":{"line":398,"column":3}},"loc":{"start":{"line":398,"column":29},"end":{"line":403,"column":3}},"line":398},"20":{"name":"(anonymous_20)","decl":{"start":{"line":406,"column":2},"end":{"line":406,"column":3}},"loc":{"start":{"line":406,"column":28},"end":{"line":410,"column":3}},"line":406},"21":{"name":"(anonymous_21)","decl":{"start":{"line":412,"column":2},"end":{"line":412,"column":3}},"loc":{"start":{"line":412,"column":31},"end":{"line":416,"column":3}},"line":412},"22":{"name":"(anonymous_22)","decl":{"start":{"line":418,"column":2},"end":{"line":418,"column":3}},"loc":{"start":{"line":418,"column":43},"end":{"line":428,"column":3}},"line":418},"23":{"name":"(anonymous_23)","decl":{"start":{"line":430,"column":2},"end":{"line":430,"column":3}},"loc":{"start":{"line":430,"column":34},"end":{"line":434,"column":3}},"line":430},"24":{"name":"(anonymous_24)","decl":{"start":{"line":436,"column":2},"end":{"line":436,"column":3}},"loc":{"start":{"line":436,"column":37},"end":{"line":440,"column":3}},"line":436},"25":{"name":"(anonymous_25)","decl":{"start":{"line":442,"column":2},"end":{"line":442,"column":3}},"loc":{"start":{"line":442,"column":24},"end":{"line":446,"column":3}},"line":442},"26":{"name":"(anonymous_26)","decl":{"start":{"line":448,"column":2},"end":{"line":448,"column":3}},"loc":{"start":{"line":448,"column":33},"end":{"line":452,"column":3}},"line":448},"27":{"name":"(anonymous_27)","decl":{"start":{"line":454,"column":2},"end":{"line":454,"column":3}},"loc":{"start":{"line":454,"column":38},"end":{"line":462,"column":3}},"line":454},"28":{"name":"(anonymous_28)","decl":{"start":{"line":464,"column":2},"end":{"line":464,"column":3}},"loc":{"start":{"line":464,"column":38},"end":{"line":468,"column":3}},"line":464},"29":{"name":"(anonymous_29)","decl":{"start":{"line":470,"column":2},"end":{"line":470,"column":3}},"loc":{"start":{"line":470,"column":47},"end":{"line":479,"column":3}},"line":470}},"branchMap":{"0":{"loc":{"start":{"line":22,"column":8},"end":{"line":25,"column":9}},"type":"if","locations":[{"start":{"line":22,"column":8},"end":{"line":25,"column":9}},{"start":{},"end":{}}],"line":22},"1":{"loc":{"start":{"line":29,"column":6},"end":{"line":29,"column":95}},"type":"if","locations":[{"start":{"line":29,"column":6},"end":{"line":29,"column":95}},{"start":{},"end":{}}],"line":29},"2":{"loc":{"start":{"line":29,"column":56},"end":{"line":29,"column":93}},"type":"cond-expr","locations":[{"start":{"line":29,"column":74},"end":{"line":29,"column":82}},{"start":{"line":29,"column":85},"end":{"line":29,"column":93}}],"line":29},"3":{"loc":{"start":{"line":30,"column":6},"end":{"line":30,"column":77}},"type":"if","locations":[{"start":{"line":30,"column":6},"end":{"line":30,"column":77}},{"start":{},"end":{}}],"line":30},"4":{"loc":{"start":{"line":31,"column":6},"end":{"line":31,"column":113}},"type":"if","locations":[{"start":{"line":31,"column":6},"end":{"line":31,"column":113}},{"start":{},"end":{}}],"line":31},"5":{"loc":{"start":{"line":31,"column":70},"end":{"line":31,"column":111}},"type":"cond-expr","locations":[{"start":{"line":31,"column":94},"end":{"line":31,"column":101}},{"start":{"line":31,"column":104},"end":{"line":31,"column":111}}],"line":31},"6":{"loc":{"start":{"line":32,"column":6},"end":{"line":32,"column":98}},"type":"if","locations":[{"start":{"line":32,"column":6},"end":{"line":32,"column":98}},{"start":{},"end":{}}],"line":32},"7":{"loc":{"start":{"line":32,"column":58},"end":{"line":32,"column":96}},"type":"cond-expr","locations":[{"start":{"line":32,"column":77},"end":{"line":32,"column":85}},{"start":{"line":32,"column":88},"end":{"line":32,"column":96}}],"line":32},"8":{"loc":{"start":{"line":54,"column":6},"end":{"line":54,"column":61}},"type":"if","locations":[{"start":{"line":54,"column":6},"end":{"line":54,"column":61}},{"start":{},"end":{}}],"line":54},"9":{"loc":{"start":{"line":55,"column":6},"end":{"line":55,"column":79}},"type":"if","locations":[{"start":{"line":55,"column":6},"end":{"line":55,"column":79}},{"start":{},"end":{}}],"line":55},"10":{"loc":{"start":{"line":56,"column":6},"end":{"line":56,"column":82}},"type":"if","locations":[{"start":{"line":56,"column":6},"end":{"line":56,"column":82}},{"start":{},"end":{}}],"line":56},"11":{"loc":{"start":{"line":82,"column":6},"end":{"line":96,"column":7}},"type":"if","locations":[{"start":{"line":82,"column":6},"end":{"line":96,"column":7}},{"start":{},"end":{}}],"line":82},"12":{"loc":{"start":{"line":82,"column":10},"end":{"line":82,"column":100}},"type":"binary-expr","locations":[{"start":{"line":82,"column":10},"end":{"line":82,"column":17}},{"start":{"line":82,"column":21},"end":{"line":82,"column":53}},{"start":{"line":82,"column":57},"end":{"line":82,"column":100}}],"line":82},"13":{"loc":{"start":{"line":100,"column":6},"end":{"line":126,"column":7}},"type":"if","locations":[{"start":{"line":100,"column":6},"end":{"line":126,"column":7}},{"start":{"line":117,"column":13},"end":{"line":126,"column":7}}],"line":100},"14":{"loc":{"start":{"line":102,"column":8},"end":{"line":105,"column":9}},"type":"if","locations":[{"start":{"line":102,"column":8},"end":{"line":105,"column":9}},{"start":{},"end":{}}],"line":102},"15":{"loc":{"start":{"line":102,"column":12},"end":{"line":102,"column":56}},"type":"binary-expr","locations":[{"start":{"line":102,"column":12},"end":{"line":102,"column":22}},{"start":{"line":102,"column":26},"end":{"line":102,"column":56}}],"line":102},"16":{"loc":{"start":{"line":103,"column":10},"end":{"line":104,"column":48}},"type":"if","locations":[{"start":{"line":103,"column":10},"end":{"line":104,"column":48}},{"start":{"line":104,"column":15},"end":{"line":104,"column":48}}],"line":103},"17":{"loc":{"start":{"line":104,"column":15},"end":{"line":104,"column":48}},"type":"if","locations":[{"start":{"line":104,"column":15},"end":{"line":104,"column":48}},{"start":{},"end":{}}],"line":104},"18":{"loc":{"start":{"line":107,"column":8},"end":{"line":109,"column":47}},"type":"if","locations":[{"start":{"line":107,"column":8},"end":{"line":109,"column":47}},{"start":{},"end":{}}],"line":107},"19":{"loc":{"start":{"line":107,"column":12},"end":{"line":109,"column":34}},"type":"binary-expr","locations":[{"start":{"line":107,"column":12},"end":{"line":107,"column":36}},{"start":{"line":108,"column":12},"end":{"line":108,"column":40}},{"start":{"line":109,"column":12},"end":{"line":109,"column":34}}],"line":107},"20":{"loc":{"start":{"line":111,"column":8},"end":{"line":111,"column":110}},"type":"if","locations":[{"start":{"line":111,"column":8},"end":{"line":111,"column":110}},{"start":{},"end":{}}],"line":111},"21":{"loc":{"start":{"line":111,"column":12},"end":{"line":111,"column":97}},"type":"binary-expr","locations":[{"start":{"line":111,"column":12},"end":{"line":111,"column":29}},{"start":{"line":111,"column":33},"end":{"line":111,"column":70}},{"start":{"line":111,"column":74},"end":{"line":111,"column":97}}],"line":111},"22":{"loc":{"start":{"line":112,"column":8},"end":{"line":112,"column":107}},"type":"if","locations":[{"start":{"line":112,"column":8},"end":{"line":112,"column":107}},{"start":{},"end":{}}],"line":112},"23":{"loc":{"start":{"line":112,"column":12},"end":{"line":112,"column":94}},"type":"binary-expr","locations":[{"start":{"line":112,"column":12},"end":{"line":112,"column":28}},{"start":{"line":112,"column":32},"end":{"line":112,"column":68}},{"start":{"line":112,"column":72},"end":{"line":112,"column":94}}],"line":112},"24":{"loc":{"start":{"line":113,"column":8},"end":{"line":113,"column":111}},"type":"if","locations":[{"start":{"line":113,"column":8},"end":{"line":113,"column":111}},{"start":{},"end":{}}],"line":113},"25":{"loc":{"start":{"line":113,"column":12},"end":{"line":113,"column":98}},"type":"binary-expr","locations":[{"start":{"line":113,"column":12},"end":{"line":113,"column":30}},{"start":{"line":113,"column":34},"end":{"line":113,"column":72}},{"start":{"line":113,"column":76},"end":{"line":113,"column":98}}],"line":113},"26":{"loc":{"start":{"line":114,"column":8},"end":{"line":114,"column":97}},"type":"if","locations":[{"start":{"line":114,"column":8},"end":{"line":114,"column":97}},{"start":{},"end":{}}],"line":114},"27":{"loc":{"start":{"line":114,"column":12},"end":{"line":114,"column":84}},"type":"binary-expr","locations":[{"start":{"line":114,"column":12},"end":{"line":114,"column":25}},{"start":{"line":114,"column":29},"end":{"line":114,"column":62}},{"start":{"line":114,"column":66},"end":{"line":114,"column":84}}],"line":114},"28":{"loc":{"start":{"line":115,"column":8},"end":{"line":115,"column":73}},"type":"if","locations":[{"start":{"line":115,"column":8},"end":{"line":115,"column":73}},{"start":{},"end":{}}],"line":115},"29":{"loc":{"start":{"line":115,"column":12},"end":{"line":115,"column":60}},"type":"binary-expr","locations":[{"start":{"line":115,"column":12},"end":{"line":115,"column":36}},{"start":{"line":115,"column":40},"end":{"line":115,"column":60}}],"line":115},"30":{"loc":{"start":{"line":116,"column":8},"end":{"line":116,"column":123}},"type":"if","locations":[{"start":{"line":116,"column":8},"end":{"line":116,"column":123}},{"start":{},"end":{}}],"line":116},"31":{"loc":{"start":{"line":116,"column":12},"end":{"line":116,"column":110}},"type":"binary-expr","locations":[{"start":{"line":116,"column":12},"end":{"line":116,"column":34}},{"start":{"line":116,"column":38},"end":{"line":116,"column":80}},{"start":{"line":116,"column":84},"end":{"line":116,"column":110}}],"line":116},"32":{"loc":{"start":{"line":119,"column":8},"end":{"line":119,"column":89}},"type":"if","locations":[{"start":{"line":119,"column":8},"end":{"line":119,"column":89}},{"start":{},"end":{}}],"line":119},"33":{"loc":{"start":{"line":119,"column":12},"end":{"line":119,"column":76}},"type":"binary-expr","locations":[{"start":{"line":119,"column":12},"end":{"line":119,"column":22}},{"start":{"line":119,"column":26},"end":{"line":119,"column":56}},{"start":{"line":119,"column":60},"end":{"line":119,"column":76}}],"line":119},"34":{"loc":{"start":{"line":120,"column":8},"end":{"line":120,"column":112}},"type":"if","locations":[{"start":{"line":120,"column":8},"end":{"line":120,"column":112}},{"start":{},"end":{}}],"line":120},"35":{"loc":{"start":{"line":120,"column":12},"end":{"line":120,"column":99}},"type":"binary-expr","locations":[{"start":{"line":120,"column":12},"end":{"line":120,"column":30}},{"start":{"line":120,"column":34},"end":{"line":120,"column":72}},{"start":{"line":120,"column":76},"end":{"line":120,"column":99}}],"line":120},"36":{"loc":{"start":{"line":121,"column":8},"end":{"line":121,"column":49}},"type":"if","locations":[{"start":{"line":121,"column":8},"end":{"line":121,"column":49}},{"start":{},"end":{}}],"line":121},"37":{"loc":{"start":{"line":122,"column":8},"end":{"line":122,"column":54}},"type":"if","locations":[{"start":{"line":122,"column":8},"end":{"line":122,"column":54}},{"start":{},"end":{}}],"line":122},"38":{"loc":{"start":{"line":123,"column":8},"end":{"line":123,"column":53}},"type":"if","locations":[{"start":{"line":123,"column":8},"end":{"line":123,"column":53}},{"start":{},"end":{}}],"line":123},"39":{"loc":{"start":{"line":124,"column":8},"end":{"line":124,"column":56}},"type":"if","locations":[{"start":{"line":124,"column":8},"end":{"line":124,"column":56}},{"start":{},"end":{}}],"line":124},"40":{"loc":{"start":{"line":125,"column":8},"end":{"line":125,"column":52}},"type":"if","locations":[{"start":{"line":125,"column":8},"end":{"line":125,"column":52}},{"start":{},"end":{}}],"line":125},"41":{"loc":{"start":{"line":154,"column":6},"end":{"line":155,"column":44}},"type":"if","locations":[{"start":{"line":154,"column":6},"end":{"line":155,"column":44}},{"start":{"line":155,"column":11},"end":{"line":155,"column":44}}],"line":154},"42":{"loc":{"start":{"line":155,"column":11},"end":{"line":155,"column":44}},"type":"if","locations":[{"start":{"line":155,"column":11},"end":{"line":155,"column":44}},{"start":{},"end":{}}],"line":155},"43":{"loc":{"start":{"line":156,"column":6},"end":{"line":156,"column":44}},"type":"if","locations":[{"start":{"line":156,"column":6},"end":{"line":156,"column":44}},{"start":{},"end":{}}],"line":156},"44":{"loc":{"start":{"line":157,"column":6},"end":{"line":157,"column":52}},"type":"if","locations":[{"start":{"line":157,"column":6},"end":{"line":157,"column":52}},{"start":{},"end":{}}],"line":157},"45":{"loc":{"start":{"line":158,"column":6},"end":{"line":158,"column":42}},"type":"if","locations":[{"start":{"line":158,"column":6},"end":{"line":158,"column":42}},{"start":{},"end":{}}],"line":158},"46":{"loc":{"start":{"line":159,"column":6},"end":{"line":159,"column":36}},"type":"if","locations":[{"start":{"line":159,"column":6},"end":{"line":159,"column":36}},{"start":{},"end":{}}],"line":159},"47":{"loc":{"start":{"line":160,"column":6},"end":{"line":160,"column":45}},"type":"if","locations":[{"start":{"line":160,"column":6},"end":{"line":160,"column":45}},{"start":{},"end":{}}],"line":160},"48":{"loc":{"start":{"line":161,"column":6},"end":{"line":161,"column":38}},"type":"if","locations":[{"start":{"line":161,"column":6},"end":{"line":161,"column":38}},{"start":{},"end":{}}],"line":161},"49":{"loc":{"start":{"line":189,"column":4},"end":{"line":189,"column":88}},"type":"if","locations":[{"start":{"line":189,"column":4},"end":{"line":189,"column":88}},{"start":{},"end":{}}],"line":189},"50":{"loc":{"start":{"line":190,"column":4},"end":{"line":190,"column":96}},"type":"if","locations":[{"start":{"line":190,"column":4},"end":{"line":190,"column":96}},{"start":{},"end":{}}],"line":190},"51":{"loc":{"start":{"line":208,"column":23},"end":{"line":208,"column":63}},"type":"cond-expr","locations":[{"start":{"line":208,"column":42},"end":{"line":208,"column":51}},{"start":{"line":208,"column":54},"end":{"line":208,"column":63}}],"line":208},"52":{"loc":{"start":{"line":210,"column":6},"end":{"line":210,"column":69}},"type":"if","locations":[{"start":{"line":210,"column":6},"end":{"line":210,"column":69}},{"start":{},"end":{}}],"line":210},"53":{"loc":{"start":{"line":216,"column":4},"end":{"line":216,"column":42}},"type":"if","locations":[{"start":{"line":216,"column":4},"end":{"line":216,"column":42}},{"start":{},"end":{}}],"line":216},"54":{"loc":{"start":{"line":217,"column":4},"end":{"line":217,"column":37}},"type":"if","locations":[{"start":{"line":217,"column":4},"end":{"line":217,"column":37}},{"start":{},"end":{}}],"line":217},"55":{"loc":{"start":{"line":218,"column":4},"end":{"line":218,"column":37}},"type":"if","locations":[{"start":{"line":218,"column":4},"end":{"line":218,"column":37}},{"start":{},"end":{}}],"line":218},"56":{"loc":{"start":{"line":232,"column":4},"end":{"line":240,"column":5}},"type":"if","locations":[{"start":{"line":232,"column":4},"end":{"line":240,"column":5}},{"start":{"line":236,"column":11},"end":{"line":240,"column":5}}],"line":232},"57":{"loc":{"start":{"line":233,"column":6},"end":{"line":233,"column":61}},"type":"if","locations":[{"start":{"line":233,"column":6},"end":{"line":233,"column":61}},{"start":{},"end":{}}],"line":233},"58":{"loc":{"start":{"line":234,"column":6},"end":{"line":234,"column":68}},"type":"if","locations":[{"start":{"line":234,"column":6},"end":{"line":234,"column":68}},{"start":{},"end":{}}],"line":234},"59":{"loc":{"start":{"line":237,"column":6},"end":{"line":237,"column":69}},"type":"if","locations":[{"start":{"line":237,"column":6},"end":{"line":237,"column":69}},{"start":{},"end":{}}],"line":237},"60":{"loc":{"start":{"line":238,"column":6},"end":{"line":238,"column":77}},"type":"if","locations":[{"start":{"line":238,"column":6},"end":{"line":238,"column":77}},{"start":{},"end":{}}],"line":238},"61":{"loc":{"start":{"line":246,"column":4},"end":{"line":248,"column":5}},"type":"if","locations":[{"start":{"line":246,"column":4},"end":{"line":248,"column":5}},{"start":{},"end":{}}],"line":246},"62":{"loc":{"start":{"line":259,"column":6},"end":{"line":261,"column":55}},"type":"if","locations":[{"start":{"line":259,"column":6},"end":{"line":261,"column":55}},{"start":{"line":260,"column":11},"end":{"line":261,"column":55}}],"line":259},"63":{"loc":{"start":{"line":260,"column":11},"end":{"line":261,"column":55}},"type":"if","locations":[{"start":{"line":260,"column":11},"end":{"line":261,"column":55}},{"start":{"line":261,"column":11},"end":{"line":261,"column":55}}],"line":260},"64":{"loc":{"start":{"line":261,"column":11},"end":{"line":261,"column":55}},"type":"if","locations":[{"start":{"line":261,"column":11},"end":{"line":261,"column":55}},{"start":{},"end":{}}],"line":261},"65":{"loc":{"start":{"line":263,"column":6},"end":{"line":265,"column":22}},"type":"if","locations":[{"start":{"line":263,"column":6},"end":{"line":265,"column":22}},{"start":{"line":264,"column":11},"end":{"line":265,"column":22}}],"line":263},"66":{"loc":{"start":{"line":264,"column":11},"end":{"line":265,"column":22}},"type":"if","locations":[{"start":{"line":264,"column":11},"end":{"line":265,"column":22}},{"start":{"line":265,"column":11},"end":{"line":265,"column":22}}],"line":264},"67":{"loc":{"start":{"line":267,"column":6},"end":{"line":269,"column":22}},"type":"if","locations":[{"start":{"line":267,"column":6},"end":{"line":269,"column":22}},{"start":{"line":268,"column":11},"end":{"line":269,"column":22}}],"line":267},"68":{"loc":{"start":{"line":268,"column":11},"end":{"line":269,"column":22}},"type":"if","locations":[{"start":{"line":268,"column":11},"end":{"line":269,"column":22}},{"start":{"line":269,"column":11},"end":{"line":269,"column":22}}],"line":268},"69":{"loc":{"start":{"line":271,"column":6},"end":{"line":273,"column":22}},"type":"if","locations":[{"start":{"line":271,"column":6},"end":{"line":273,"column":22}},{"start":{"line":272,"column":11},"end":{"line":273,"column":22}}],"line":271},"70":{"loc":{"start":{"line":272,"column":11},"end":{"line":273,"column":22}},"type":"if","locations":[{"start":{"line":272,"column":11},"end":{"line":273,"column":22}},{"start":{"line":273,"column":11},"end":{"line":273,"column":22}}],"line":272},"71":{"loc":{"start":{"line":275,"column":6},"end":{"line":277,"column":62}},"type":"if","locations":[{"start":{"line":275,"column":6},"end":{"line":277,"column":62}},{"start":{"line":276,"column":11},"end":{"line":277,"column":62}}],"line":275},"72":{"loc":{"start":{"line":276,"column":11},"end":{"line":277,"column":62}},"type":"if","locations":[{"start":{"line":276,"column":11},"end":{"line":277,"column":62}},{"start":{"line":277,"column":11},"end":{"line":277,"column":62}}],"line":276},"73":{"loc":{"start":{"line":277,"column":11},"end":{"line":277,"column":62}},"type":"if","locations":[{"start":{"line":277,"column":11},"end":{"line":277,"column":62}},{"start":{},"end":{}}],"line":277},"74":{"loc":{"start":{"line":280,"column":27},"end":{"line":280,"column":68}},"type":"cond-expr","locations":[{"start":{"line":280,"column":40},"end":{"line":280,"column":43}},{"start":{"line":280,"column":46},"end":{"line":280,"column":68}}],"line":280},"75":{"loc":{"start":{"line":280,"column":46},"end":{"line":280,"column":68}},"type":"cond-expr","locations":[{"start":{"line":280,"column":59},"end":{"line":280,"column":62}},{"start":{"line":280,"column":65},"end":{"line":280,"column":68}}],"line":280},"76":{"loc":{"start":{"line":330,"column":6},"end":{"line":330,"column":44}},"type":"if","locations":[{"start":{"line":330,"column":6},"end":{"line":330,"column":44}},{"start":{},"end":{}}],"line":330},"77":{"loc":{"start":{"line":331,"column":6},"end":{"line":331,"column":45}},"type":"if","locations":[{"start":{"line":331,"column":6},"end":{"line":331,"column":45}},{"start":{},"end":{}}],"line":331},"78":{"loc":{"start":{"line":332,"column":6},"end":{"line":332,"column":45}},"type":"if","locations":[{"start":{"line":332,"column":6},"end":{"line":332,"column":45}},{"start":{},"end":{}}],"line":332},"79":{"loc":{"start":{"line":333,"column":6},"end":{"line":333,"column":42}},"type":"if","locations":[{"start":{"line":333,"column":6},"end":{"line":333,"column":42}},{"start":{},"end":{}}],"line":333},"80":{"loc":{"start":{"line":355,"column":6},"end":{"line":356,"column":44}},"type":"if","locations":[{"start":{"line":355,"column":6},"end":{"line":356,"column":44}},{"start":{"line":356,"column":11},"end":{"line":356,"column":44}}],"line":355},"81":{"loc":{"start":{"line":356,"column":11},"end":{"line":356,"column":44}},"type":"if","locations":[{"start":{"line":356,"column":11},"end":{"line":356,"column":44}},{"start":{},"end":{}}],"line":356},"82":{"loc":{"start":{"line":358,"column":6},"end":{"line":359,"column":58}},"type":"if","locations":[{"start":{"line":358,"column":6},"end":{"line":359,"column":58}},{"start":{"line":359,"column":11},"end":{"line":359,"column":58}}],"line":358},"83":{"loc":{"start":{"line":359,"column":11},"end":{"line":359,"column":58}},"type":"if","locations":[{"start":{"line":359,"column":11},"end":{"line":359,"column":58}},{"start":{},"end":{}}],"line":359},"84":{"loc":{"start":{"line":361,"column":6},"end":{"line":362,"column":130}},"type":"if","locations":[{"start":{"line":361,"column":6},"end":{"line":362,"column":130}},{"start":{"line":362,"column":11},"end":{"line":362,"column":130}}],"line":361},"85":{"loc":{"start":{"line":362,"column":11},"end":{"line":362,"column":130}},"type":"if","locations":[{"start":{"line":362,"column":11},"end":{"line":362,"column":130}},{"start":{},"end":{}}],"line":362},"86":{"loc":{"start":{"line":362,"column":15},"end":{"line":362,"column":117}},"type":"binary-expr","locations":[{"start":{"line":362,"column":15},"end":{"line":362,"column":47}},{"start":{"line":362,"column":51},"end":{"line":362,"column":81}},{"start":{"line":362,"column":85},"end":{"line":362,"column":117}}],"line":362},"87":{"loc":{"start":{"line":364,"column":6},"end":{"line":365,"column":62}},"type":"if","locations":[{"start":{"line":364,"column":6},"end":{"line":365,"column":62}},{"start":{"line":365,"column":11},"end":{"line":365,"column":62}}],"line":364},"88":{"loc":{"start":{"line":365,"column":11},"end":{"line":365,"column":62}},"type":"if","locations":[{"start":{"line":365,"column":11},"end":{"line":365,"column":62}},{"start":{},"end":{}}],"line":365},"89":{"loc":{"start":{"line":367,"column":6},"end":{"line":368,"column":101}},"type":"if","locations":[{"start":{"line":367,"column":6},"end":{"line":368,"column":101}},{"start":{"line":368,"column":11},"end":{"line":368,"column":101}}],"line":367},"90":{"loc":{"start":{"line":368,"column":11},"end":{"line":368,"column":101}},"type":"if","locations":[{"start":{"line":368,"column":11},"end":{"line":368,"column":101}},{"start":{},"end":{}}],"line":368},"91":{"loc":{"start":{"line":368,"column":15},"end":{"line":368,"column":88}},"type":"binary-expr","locations":[{"start":{"line":368,"column":15},"end":{"line":368,"column":50}},{"start":{"line":368,"column":54},"end":{"line":368,"column":88}}],"line":368},"92":{"loc":{"start":{"line":387,"column":4},"end":{"line":387,"column":89}},"type":"if","locations":[{"start":{"line":387,"column":4},"end":{"line":387,"column":89}},{"start":{},"end":{}}],"line":387},"93":{"loc":{"start":{"line":388,"column":4},"end":{"line":388,"column":70}},"type":"if","locations":[{"start":{"line":388,"column":4},"end":{"line":388,"column":70}},{"start":{},"end":{}}],"line":388},"94":{"loc":{"start":{"line":393,"column":4},"end":{"line":393,"column":43}},"type":"if","locations":[{"start":{"line":393,"column":4},"end":{"line":393,"column":43}},{"start":{},"end":{}}],"line":393},"95":{"loc":{"start":{"line":394,"column":4},"end":{"line":394,"column":43}},"type":"if","locations":[{"start":{"line":394,"column":4},"end":{"line":394,"column":43}},{"start":{},"end":{}}],"line":394},"96":{"loc":{"start":{"line":399,"column":4},"end":{"line":399,"column":48}},"type":"if","locations":[{"start":{"line":399,"column":4},"end":{"line":399,"column":48}},{"start":{},"end":{}}],"line":399},"97":{"loc":{"start":{"line":400,"column":4},"end":{"line":400,"column":43}},"type":"if","locations":[{"start":{"line":400,"column":4},"end":{"line":400,"column":43}},{"start":{},"end":{}}],"line":400},"98":{"loc":{"start":{"line":401,"column":4},"end":{"line":401,"column":43}},"type":"if","locations":[{"start":{"line":401,"column":4},"end":{"line":401,"column":43}},{"start":{},"end":{}}],"line":401},"99":{"loc":{"start":{"line":407,"column":4},"end":{"line":407,"column":42}},"type":"if","locations":[{"start":{"line":407,"column":4},"end":{"line":407,"column":42}},{"start":{},"end":{}}],"line":407},"100":{"loc":{"start":{"line":408,"column":4},"end":{"line":408,"column":42}},"type":"if","locations":[{"start":{"line":408,"column":4},"end":{"line":408,"column":42}},{"start":{},"end":{}}],"line":408},"101":{"loc":{"start":{"line":413,"column":4},"end":{"line":413,"column":28}},"type":"if","locations":[{"start":{"line":413,"column":4},"end":{"line":413,"column":28}},{"start":{},"end":{}}],"line":413},"102":{"loc":{"start":{"line":414,"column":4},"end":{"line":414,"column":28}},"type":"if","locations":[{"start":{"line":414,"column":4},"end":{"line":414,"column":28}},{"start":{},"end":{}}],"line":414},"103":{"loc":{"start":{"line":431,"column":4},"end":{"line":431,"column":52}},"type":"if","locations":[{"start":{"line":431,"column":4},"end":{"line":431,"column":52}},{"start":{},"end":{}}],"line":431},"104":{"loc":{"start":{"line":432,"column":4},"end":{"line":432,"column":53}},"type":"if","locations":[{"start":{"line":432,"column":4},"end":{"line":432,"column":53}},{"start":{},"end":{}}],"line":432},"105":{"loc":{"start":{"line":437,"column":4},"end":{"line":437,"column":60}},"type":"if","locations":[{"start":{"line":437,"column":4},"end":{"line":437,"column":60}},{"start":{},"end":{}}],"line":437},"106":{"loc":{"start":{"line":438,"column":4},"end":{"line":438,"column":69}},"type":"if","locations":[{"start":{"line":438,"column":4},"end":{"line":438,"column":69}},{"start":{},"end":{}}],"line":438},"107":{"loc":{"start":{"line":443,"column":4},"end":{"line":443,"column":63}},"type":"if","locations":[{"start":{"line":443,"column":4},"end":{"line":443,"column":63}},{"start":{},"end":{}}],"line":443},"108":{"loc":{"start":{"line":444,"column":4},"end":{"line":444,"column":71}},"type":"if","locations":[{"start":{"line":444,"column":4},"end":{"line":444,"column":71}},{"start":{},"end":{}}],"line":444},"109":{"loc":{"start":{"line":449,"column":4},"end":{"line":449,"column":77}},"type":"if","locations":[{"start":{"line":449,"column":4},"end":{"line":449,"column":77}},{"start":{},"end":{}}],"line":449},"110":{"loc":{"start":{"line":450,"column":4},"end":{"line":450,"column":62}},"type":"if","locations":[{"start":{"line":450,"column":4},"end":{"line":450,"column":62}},{"start":{},"end":{}}],"line":450},"111":{"loc":{"start":{"line":455,"column":4},"end":{"line":461,"column":5}},"type":"if","locations":[{"start":{"line":455,"column":4},"end":{"line":461,"column":5}},{"start":{"line":458,"column":11},"end":{"line":461,"column":5}}],"line":455},"112":{"loc":{"start":{"line":456,"column":6},"end":{"line":456,"column":85}},"type":"if","locations":[{"start":{"line":456,"column":6},"end":{"line":456,"column":85}},{"start":{},"end":{}}],"line":456},"113":{"loc":{"start":{"line":459,"column":6},"end":{"line":459,"column":67}},"type":"if","locations":[{"start":{"line":459,"column":6},"end":{"line":459,"column":67}},{"start":{},"end":{}}],"line":459},"114":{"loc":{"start":{"line":465,"column":4},"end":{"line":465,"column":65}},"type":"if","locations":[{"start":{"line":465,"column":4},"end":{"line":465,"column":65}},{"start":{},"end":{}}],"line":465},"115":{"loc":{"start":{"line":466,"column":4},"end":{"line":466,"column":57}},"type":"if","locations":[{"start":{"line":466,"column":4},"end":{"line":466,"column":57}},{"start":{},"end":{}}],"line":466},"116":{"loc":{"start":{"line":471,"column":4},"end":{"line":477,"column":5}},"type":"if","locations":[{"start":{"line":471,"column":4},"end":{"line":477,"column":5}},{"start":{},"end":{}}],"line":471}},"s":{"0":1,"1":1,"2":3,"3":3,"4":3,"5":3,"6":3,"7":3,"8":18,"9":4,"10":4,"11":3,"12":3,"13":3,"14":3,"15":3,"16":1,"17":3,"18":1,"19":3,"20":0,"21":0,"22":1,"23":1,"24":1,"25":1,"26":1,"27":1,"28":1,"29":1,"30":1,"31":1,"32":1,"33":0,"34":0,"35":3,"36":3,"37":2,"38":1,"39":2,"40":2,"41":1,"42":1,"43":1,"44":0,"45":0,"46":1,"47":1,"48":1,"49":1,"50":1,"51":1,"52":1,"53":1,"54":1,"55":1,"56":1,"57":0,"58":1,"59":0,"60":1,"61":1,"62":1,"63":0,"64":1,"65":1,"66":1,"67":0,"68":1,"69":1,"70":1,"71":1,"72":1,"73":1,"74":2,"75":2,"76":2,"77":0,"78":0,"79":1,"80":1,"81":1,"82":1,"83":0,"84":0,"85":1,"86":1,"87":1,"88":1,"89":1,"90":1,"91":1,"92":0,"93":1,"94":1,"95":1,"96":1,"97":1,"98":1,"99":1,"100":1,"101":0,"102":0,"103":4,"104":1,"105":3,"106":1,"107":2,"108":6,"109":6,"110":6,"111":6,"112":12,"113":6,"114":0,"115":5,"116":1,"117":4,"118":1,"119":3,"120":1,"121":2,"122":5,"123":5,"124":10,"125":6,"126":3,"127":3,"128":1,"129":2,"130":4,"131":1,"132":3,"133":1,"134":2,"135":0,"136":0,"137":0,"138":0,"139":0,"140":2,"141":2,"142":2,"143":2,"144":2,"145":1,"146":1,"147":0,"148":1,"149":1,"150":2,"151":1,"152":1,"153":0,"154":1,"155":2,"156":1,"157":1,"158":0,"159":1,"160":2,"161":1,"162":1,"163":0,"164":1,"165":2,"166":1,"167":1,"168":0,"169":1,"170":1,"171":2,"172":2,"173":2,"174":0,"175":0,"176":1,"177":1,"178":1,"179":0,"180":0,"181":1,"182":1,"183":1,"184":0,"185":1,"186":0,"187":1,"188":0,"189":1,"190":1,"191":1,"192":0,"193":0,"194":2,"195":2,"196":2,"197":1,"198":1,"199":0,"200":2,"201":1,"202":1,"203":0,"204":2,"205":1,"206":1,"207":0,"208":2,"209":1,"210":1,"211":0,"212":2,"213":1,"214":1,"215":0,"216":2,"217":0,"218":0,"219":4,"220":2,"221":2,"222":0,"223":2,"224":1,"225":0,"226":1,"227":1,"228":0,"229":1,"230":1,"231":0,"232":0,"233":0,"234":0,"235":0,"236":6,"237":0,"238":6,"239":0,"240":6,"241":3,"242":0,"243":3,"244":0,"245":3,"246":3,"247":3,"248":3,"249":0,"250":3,"251":0,"252":3,"253":3,"254":0,"255":3,"256":0,"257":3,"258":2,"259":0,"260":2,"261":0,"262":2,"263":1,"264":0,"265":1,"266":0,"267":1,"268":3,"269":2,"270":1,"271":1,"272":1,"273":1,"274":0,"275":1,"276":0,"277":1,"278":0,"279":1,"280":1,"281":1,"282":0,"283":1},"f":{"0":3,"1":18,"2":1,"3":3,"4":2,"5":1,"6":4,"7":6,"8":5,"9":5,"10":10,"11":0,"12":0,"13":2,"14":1,"15":1,"16":2,"17":4,"18":1,"19":1,"20":6,"21":3,"22":3,"23":3,"24":3,"25":2,"26":1,"27":3,"28":1,"29":1},"b":{"0":[4,14],"1":[3,0],"2":[3,0],"3":[3,0],"4":[1,2],"5":[1,0],"6":[1,2],"7":[0,1],"8":[1,0],"9":[1,0],"10":[1,0],"11":[1,2],"12":[3,3,2],"13":[1,1],"14":[1,0],"15":[1,1],"16":[1,0],"17":[0,0],"18":[1,0],"19":[1,0,0],"20":[1,0],"21":[1,1,1],"22":[1,0],"23":[1,1,1],"24":[1,0],"25":[1,1,1],"26":[1,0],"27":[1,1,1],"28":[0,1],"29":[1,1],"30":[0,1],"31":[1,0,0],"32":[1,0],"33":[1,1,1],"34":[0,1],"35":[1,0,0],"36":[1,0],"37":[0,1],"38":[1,0],"39":[1,0],"40":[1,0],"41":[1,0],"42":[0,0],"43":[1,0],"44":[1,0],"45":[1,0],"46":[0,1],"47":[1,0],"48":[1,0],"49":[1,3],"50":[1,2],"51":[5,1],"52":[6,6],"53":[1,4],"54":[1,3],"55":[1,2],"56":[6,4],"57":[3,3],"58":[1,2],"59":[1,3],"60":[1,2],"61":[0,0],"62":[1,1],"63":[0,1],"64":[1,0],"65":[1,1],"66":[0,1],"67":[1,1],"68":[0,1],"69":[1,1],"70":[0,1],"71":[1,1],"72":[0,1],"73":[1,0],"74":[1,1],"75":[0,1],"76":[0,1],"77":[0,1],"78":[0,1],"79":[1,0],"80":[1,1],"81":[0,1],"82":[1,1],"83":[0,1],"84":[1,1],"85":[0,1],"86":[1,1,1],"87":[1,1],"88":[0,1],"89":[1,1],"90":[0,1],"91":[1,1],"92":[2,2],"93":[0,2],"94":[0,1],"95":[1,0],"96":[1,0],"97":[0,0],"98":[0,0],"99":[0,6],"100":[0,6],"101":[0,3],"102":[0,3],"103":[0,3],"104":[0,3],"105":[0,3],"106":[0,3],"107":[0,2],"108":[0,2],"109":[0,1],"110":[0,1],"111":[2,1],"112":[1,1],"113":[1,0],"114":[0,1],"115":[0,1],"116":[1,0]},"_coverageSchema":"1a1c01bbd47fc00a2c39e90264f33305004495a9","hash":"a3302eea24cb34d3c6ca3049d74041e047c58293"}
,"/Users/waliddib/hospiAi/src/utils/logger.js": {"path":"/Users/waliddib/hospiAi/src/utils/logger.js","statementMap":{"0":{"start":{"line":1,"column":16},"end":{"line":1,"column":34}},"1":{"start":{"line":3,"column":15},"end":{"line":13,"column":2}},"2":{"start":{"line":15,"column":0},"end":{"line":19,"column":1}},"3":{"start":{"line":16,"column":2},"end":{"line":18,"column":6}},"4":{"start":{"line":21,"column":0},"end":{"line":21,"column":24}}},"fnMap":{},"branchMap":{"0":{"loc":{"start":{"line":4,"column":9},"end":{"line":4,"column":40}},"type":"binary-expr","locations":[{"start":{"line":4,"column":9},"end":{"line":4,"column":30}},{"start":{"line":4,"column":34},"end":{"line":4,"column":40}}],"line":4},"1":{"loc":{"start":{"line":15,"column":0},"end":{"line":19,"column":1}},"type":"if","locations":[{"start":{"line":15,"column":0},"end":{"line":19,"column":1}},{"start":{},"end":{}}],"line":15}},"s":{"0":1,"1":1,"2":1,"3":1,"4":1},"f":{},"b":{"0":[1,1],"1":[1,0]},"_coverageSchema":"1a1c01bbd47fc00a2c39e90264f33305004495a9","hash":"0d12d54cb492c65e209fc9ba4675c29aa79b3773"}
}
