{"/Users/waliddib/hospiAi/src/constants/riskFactors.js": {"path":"/Users/waliddib/hospiAi/src/constants/riskFactors.js","statementMap":{"0":{"start":{"line":1,"column":29},"end":{"line":54,"column":1}},"1":{"start":{"line":5,"column":24},"end":{"line":5,"column":45}},"2":{"start":{"line":30,"column":26},"end":{"line":30,"column":46}},"3":{"start":{"line":56,"column":22},"end":{"line":103,"column":1}},"4":{"start":{"line":105,"column":21},"end":{"line":125,"column":1}},"5":{"start":{"line":127,"column":29},"end":{"line":136,"column":1}},"6":{"start":{"line":138,"column":28},"end":{"line":145,"column":1}},"7":{"start":{"line":147,"column":0},"end":{"line":153,"column":2}}},"fnMap":{"0":{"name":"(anonymous_0)","decl":{"start":{"line":5,"column":15},"end":{"line":5,"column":16}},"loc":{"start":{"line":5,"column":24},"end":{"line":5,"column":45}},"line":5},"1":{"name":"(anonymous_1)","decl":{"start":{"line":30,"column":15},"end":{"line":30,"column":16}},"loc":{"start":{"line":30,"column":26},"end":{"line":30,"column":46}},"line":30}},"branchMap":{},"s":{"0":1,"1":3,"2":1,"3":1,"4":1,"5":1,"6":1,"7":1},"f":{"0":3,"1":1},"b":{},"_coverageSchema":"1a1c01bbd47fc00a2c39e90264f33305004495a9","hash":"30308a1c66189f95eb3296efdde5839ce310393f"}
,"/Users/waliddib/hospiAi/src/services/scoreCalculator.js": {"path":"/Users/waliddib/hospiAi/src/services/scoreCalculator.js","statementMap":{"0":{"start":{"line":1,"column":105},"end":{"line":1,"column":140}},"1":{"start":{"line":2,"column":15},"end":{"line":2,"column":41}},"2":{"start":{"line":6,"column":16},"end":{"line":6,"column":17}},"3":{"start":{"line":7,"column":22},"end":{"line":7,"column":25}},"4":{"start":{"line":8,"column":26},"end":{"line":8,"column":28}},"5":{"start":{"line":10,"column":4},"end":{"line":110,"column":5}},"6":{"start":{"line":12,"column":6},"end":{"line":18,"column":9}},"7":{"start":{"line":14,"column":8},"end":{"line":17,"column":9}},"8":{"start":{"line":15,"column":10},"end":{"line":15,"column":36}},"9":{"start":{"line":16,"column":10},"end":{"line":16,"column":60}},"10":{"start":{"line":21,"column":6},"end":{"line":25,"column":7}},"11":{"start":{"line":22,"column":26},"end":{"line":23,"column":56}},"12":{"start":{"line":24,"column":8},"end":{"line":24,"column":27}},"13":{"start":{"line":28,"column":6},"end":{"line":30,"column":7}},"14":{"start":{"line":29,"column":8},"end":{"line":29,"column":52}},"15":{"start":{"line":33,"column":6},"end":{"line":44,"column":7}},"16":{"start":{"line":34,"column":26},"end":{"line":34,"column":47}},"17":{"start":{"line":35,"column":8},"end":{"line":43,"column":9}},"18":{"start":{"line":36,"column":10},"end":{"line":36,"column":50}},"19":{"start":{"line":37,"column":15},"end":{"line":43,"column":9}},"20":{"start":{"line":38,"column":10},"end":{"line":38,"column":54}},"21":{"start":{"line":39,"column":15},"end":{"line":43,"column":9}},"22":{"start":{"line":40,"column":10},"end":{"line":40,"column":50}},"23":{"start":{"line":42,"column":10},"end":{"line":42,"column":54}},"24":{"start":{"line":47,"column":6},"end":{"line":62,"column":7}},"25":{"start":{"line":48,"column":8},"end":{"line":61,"column":9}},"26":{"start":{"line":50,"column":12},"end":{"line":50,"column":54}},"27":{"start":{"line":51,"column":12},"end":{"line":51,"column":18}},"28":{"start":{"line":53,"column":12},"end":{"line":53,"column":54}},"29":{"start":{"line":54,"column":12},"end":{"line":54,"column":18}},"30":{"start":{"line":56,"column":12},"end":{"line":56,"column":54}},"31":{"start":{"line":57,"column":12},"end":{"line":57,"column":18}},"32":{"start":{"line":59,"column":12},"end":{"line":59,"column":54}},"33":{"start":{"line":60,"column":12},"end":{"line":60,"column":18}},"34":{"start":{"line":65,"column":6},"end":{"line":68,"column":7}},"35":{"start":{"line":66,"column":8},"end":{"line":67,"column":71}},"36":{"start":{"line":71,"column":6},"end":{"line":73,"column":7}},"37":{"start":{"line":72,"column":8},"end":{"line":72,"column":47}},"38":{"start":{"line":76,"column":6},"end":{"line":83,"column":7}},"39":{"start":{"line":77,"column":20},"end":{"line":77,"column":44}},"40":{"start":{"line":78,"column":8},"end":{"line":82,"column":9}},"41":{"start":{"line":79,"column":10},"end":{"line":79,"column":69}},"42":{"start":{"line":80,"column":15},"end":{"line":82,"column":9}},"43":{"start":{"line":81,"column":10},"end":{"line":81,"column":71}},"44":{"start":{"line":86,"column":6},"end":{"line":88,"column":7}},"45":{"start":{"line":87,"column":8},"end":{"line":87,"column":67}},"46":{"start":{"line":91,"column":21},"end":{"line":91,"column":49}},"47":{"start":{"line":94,"column":21},"end":{"line":102,"column":7}},"48":{"start":{"line":104,"column":6},"end":{"line":104,"column":62}},"49":{"start":{"line":105,"column":6},"end":{"line":105,"column":20}},"50":{"start":{"line":108,"column":6},"end":{"line":108,"column":71}},"51":{"start":{"line":109,"column":6},"end":{"line":109,"column":56}},"52":{"start":{"line":114,"column":4},"end":{"line":124,"column":5}},"53":{"start":{"line":115,"column":6},"end":{"line":115,"column":34}},"54":{"start":{"line":116,"column":11},"end":{"line":124,"column":5}},"55":{"start":{"line":117,"column":6},"end":{"line":117,"column":29}},"56":{"start":{"line":118,"column":11},"end":{"line":124,"column":5}},"57":{"start":{"line":119,"column":6},"end":{"line":119,"column":29}},"58":{"start":{"line":120,"column":11},"end":{"line":124,"column":5}},"59":{"start":{"line":121,"column":6},"end":{"line":121,"column":28}},"60":{"start":{"line":123,"column":6},"end":{"line":123,"column":33}},"61":{"start":{"line":128,"column":4},"end":{"line":128,"column":28}},"62":{"start":{"line":128,"column":19},"end":{"line":128,"column":28}},"63":{"start":{"line":129,"column":4},"end":{"line":129,"column":28}},"64":{"start":{"line":129,"column":19},"end":{"line":129,"column":28}},"65":{"start":{"line":130,"column":4},"end":{"line":130,"column":28}},"66":{"start":{"line":130,"column":19},"end":{"line":130,"column":28}},"67":{"start":{"line":131,"column":4},"end":{"line":131,"column":29}},"68":{"start":{"line":131,"column":20},"end":{"line":131,"column":29}},"69":{"start":{"line":132,"column":4},"end":{"line":132,"column":13}},"70":{"start":{"line":136,"column":16},"end":{"line":136,"column":17}},"71":{"start":{"line":137,"column":22},"end":{"line":137,"column":25}},"72":{"start":{"line":138,"column":26},"end":{"line":138,"column":28}},"73":{"start":{"line":139,"column":32},"end":{"line":139,"column":95}},"74":{"start":{"line":141,"column":4},"end":{"line":179,"column":5}},"75":{"start":{"line":143,"column":6},"end":{"line":148,"column":9}},"76":{"start":{"line":144,"column":8},"end":{"line":147,"column":9}},"77":{"start":{"line":145,"column":10},"end":{"line":145,"column":36}},"78":{"start":{"line":146,"column":10},"end":{"line":146,"column":60}},"79":{"start":{"line":151,"column":6},"end":{"line":151,"column":60}},"80":{"start":{"line":151,"column":22},"end":{"line":151,"column":60}},"81":{"start":{"line":152,"column":6},"end":{"line":152,"column":78}},"82":{"start":{"line":152,"column":28},"end":{"line":152,"column":78}},"83":{"start":{"line":153,"column":6},"end":{"line":153,"column":81}},"84":{"start":{"line":153,"column":29},"end":{"line":153,"column":81}},"85":{"start":{"line":154,"column":6},"end":{"line":154,"column":81}},"86":{"start":{"line":154,"column":29},"end":{"line":154,"column":81}},"87":{"start":{"line":155,"column":6},"end":{"line":155,"column":85}},"88":{"start":{"line":155,"column":30},"end":{"line":155,"column":85}},"89":{"start":{"line":156,"column":6},"end":{"line":156,"column":69}},"90":{"start":{"line":156,"column":32},"end":{"line":156,"column":69}},"91":{"start":{"line":157,"column":6},"end":{"line":157,"column":87}},"92":{"start":{"line":157,"column":41},"end":{"line":157,"column":87}},"93":{"start":{"line":158,"column":6},"end":{"line":158,"column":79}},"94":{"start":{"line":158,"column":37},"end":{"line":158,"column":79}},"95":{"start":{"line":161,"column":25},"end":{"line":161,"column":72}},"96":{"start":{"line":163,"column":21},"end":{"line":171,"column":7}},"97":{"start":{"line":173,"column":6},"end":{"line":173,"column":68}},"98":{"start":{"line":174,"column":6},"end":{"line":174,"column":20}},"99":{"start":{"line":177,"column":6},"end":{"line":177,"column":77}},"100":{"start":{"line":178,"column":6},"end":{"line":178,"column":62}},"101":{"start":{"line":183,"column":4},"end":{"line":183,"column":50}},"102":{"start":{"line":183,"column":18},"end":{"line":183,"column":50}},"103":{"start":{"line":184,"column":4},"end":{"line":184,"column":52}},"104":{"start":{"line":184,"column":18},"end":{"line":184,"column":52}},"105":{"start":{"line":185,"column":4},"end":{"line":185,"column":52}},"106":{"start":{"line":185,"column":18},"end":{"line":185,"column":52}},"107":{"start":{"line":186,"column":4},"end":{"line":186,"column":52}},"108":{"start":{"line":186,"column":18},"end":{"line":186,"column":52}},"109":{"start":{"line":187,"column":4},"end":{"line":187,"column":52}},"110":{"start":{"line":187,"column":18},"end":{"line":187,"column":52}},"111":{"start":{"line":188,"column":4},"end":{"line":188,"column":52}},"112":{"start":{"line":188,"column":18},"end":{"line":188,"column":52}},"113":{"start":{"line":189,"column":4},"end":{"line":189,"column":52}},"114":{"start":{"line":189,"column":18},"end":{"line":189,"column":52}},"115":{"start":{"line":190,"column":4},"end":{"line":190,"column":36}},"116":{"start":{"line":194,"column":4},"end":{"line":194,"column":55}},"117":{"start":{"line":194,"column":17},"end":{"line":194,"column":55}},"118":{"start":{"line":195,"column":4},"end":{"line":195,"column":57}},"119":{"start":{"line":195,"column":17},"end":{"line":195,"column":57}},"120":{"start":{"line":196,"column":4},"end":{"line":196,"column":57}},"121":{"start":{"line":196,"column":17},"end":{"line":196,"column":57}},"122":{"start":{"line":197,"column":4},"end":{"line":197,"column":59}},"123":{"start":{"line":197,"column":18},"end":{"line":197,"column":59}},"124":{"start":{"line":198,"column":4},"end":{"line":198,"column":60}},"125":{"start":{"line":198,"column":18},"end":{"line":198,"column":60}},"126":{"start":{"line":199,"column":4},"end":{"line":199,"column":60}},"127":{"start":{"line":199,"column":18},"end":{"line":199,"column":60}},"128":{"start":{"line":200,"column":4},"end":{"line":200,"column":43}},"129":{"start":{"line":204,"column":4},"end":{"line":204,"column":57}},"130":{"start":{"line":204,"column":18},"end":{"line":204,"column":57}},"131":{"start":{"line":205,"column":4},"end":{"line":205,"column":60}},"132":{"start":{"line":205,"column":19},"end":{"line":205,"column":60}},"133":{"start":{"line":206,"column":4},"end":{"line":206,"column":62}},"134":{"start":{"line":206,"column":19},"end":{"line":206,"column":62}},"135":{"start":{"line":207,"column":4},"end":{"line":207,"column":62}},"136":{"start":{"line":207,"column":19},"end":{"line":207,"column":62}},"137":{"start":{"line":208,"column":4},"end":{"line":208,"column":62}},"138":{"start":{"line":208,"column":19},"end":{"line":208,"column":62}},"139":{"start":{"line":209,"column":4},"end":{"line":209,"column":62}},"140":{"start":{"line":209,"column":19},"end":{"line":209,"column":62}},"141":{"start":{"line":210,"column":4},"end":{"line":210,"column":44}},"142":{"start":{"line":214,"column":4},"end":{"line":214,"column":68}},"143":{"start":{"line":214,"column":26},"end":{"line":214,"column":68}},"144":{"start":{"line":215,"column":4},"end":{"line":215,"column":70}},"145":{"start":{"line":215,"column":26},"end":{"line":215,"column":70}},"146":{"start":{"line":216,"column":4},"end":{"line":216,"column":70}},"147":{"start":{"line":216,"column":26},"end":{"line":216,"column":70}},"148":{"start":{"line":217,"column":4},"end":{"line":217,"column":70}},"149":{"start":{"line":217,"column":26},"end":{"line":217,"column":70}},"150":{"start":{"line":218,"column":4},"end":{"line":218,"column":70}},"151":{"start":{"line":218,"column":26},"end":{"line":218,"column":70}},"152":{"start":{"line":219,"column":4},"end":{"line":219,"column":68}},"153":{"start":{"line":219,"column":26},"end":{"line":219,"column":68}},"154":{"start":{"line":220,"column":4},"end":{"line":220,"column":42}},"155":{"start":{"line":224,"column":4},"end":{"line":224,"column":89}},"156":{"start":{"line":224,"column":22},"end":{"line":224,"column":89}},"157":{"start":{"line":225,"column":4},"end":{"line":225,"column":97}},"158":{"start":{"line":225,"column":22},"end":{"line":225,"column":97}},"159":{"start":{"line":226,"column":4},"end":{"line":226,"column":70}},"160":{"start":{"line":231,"column":24},"end":{"line":231,"column":62}},"161":{"start":{"line":232,"column":4},"end":{"line":232,"column":54}},"162":{"start":{"line":236,"column":21},"end":{"line":236,"column":23}},"163":{"start":{"line":238,"column":4},"end":{"line":249,"column":5}},"164":{"start":{"line":240,"column":8},"end":{"line":240,"column":61}},"165":{"start":{"line":242,"column":8},"end":{"line":242,"column":57}},"166":{"start":{"line":244,"column":8},"end":{"line":244,"column":69}},"167":{"start":{"line":246,"column":8},"end":{"line":246,"column":63}},"168":{"start":{"line":248,"column":8},"end":{"line":248,"column":24}},"169":{"start":{"line":253,"column":21},"end":{"line":253,"column":23}},"170":{"start":{"line":256,"column":4},"end":{"line":273,"column":5}},"171":{"start":{"line":257,"column":6},"end":{"line":272,"column":9}},"172":{"start":{"line":276,"column":4},"end":{"line":294,"column":5}},"173":{"start":{"line":277,"column":6},"end":{"line":293,"column":9}},"174":{"start":{"line":297,"column":4},"end":{"line":315,"column":5}},"175":{"start":{"line":298,"column":6},"end":{"line":314,"column":9}},"176":{"start":{"line":317,"column":4},"end":{"line":317,"column":20}},"177":{"start":{"line":321,"column":21},"end":{"line":321,"column":23}},"178":{"start":{"line":324,"column":4},"end":{"line":342,"column":5}},"179":{"start":{"line":325,"column":6},"end":{"line":341,"column":9}},"180":{"start":{"line":345,"column":4},"end":{"line":363,"column":5}},"181":{"start":{"line":346,"column":6},"end":{"line":362,"column":9}},"182":{"start":{"line":365,"column":4},"end":{"line":365,"column":20}},"183":{"start":{"line":369,"column":21},"end":{"line":369,"column":23}},"184":{"start":{"line":371,"column":4},"end":{"line":412,"column":5}},"185":{"start":{"line":373,"column":6},"end":{"line":390,"column":7}},"186":{"start":{"line":374,"column":8},"end":{"line":389,"column":11}},"187":{"start":{"line":393,"column":6},"end":{"line":411,"column":7}},"188":{"start":{"line":394,"column":8},"end":{"line":410,"column":11}},"189":{"start":{"line":414,"column":4},"end":{"line":414,"column":20}},"190":{"start":{"line":418,"column":21},"end":{"line":418,"column":23}},"191":{"start":{"line":421,"column":4},"end":{"line":439,"column":5}},"192":{"start":{"line":422,"column":6},"end":{"line":438,"column":9}},"193":{"start":{"line":442,"column":28},"end":{"line":442,"column":30}},"194":{"start":{"line":443,"column":4},"end":{"line":443,"column":57}},"195":{"start":{"line":443,"column":29},"end":{"line":443,"column":57}},"196":{"start":{"line":444,"column":4},"end":{"line":444,"column":57}},"197":{"start":{"line":444,"column":25},"end":{"line":444,"column":57}},"198":{"start":{"line":445,"column":4},"end":{"line":445,"column":86}},"199":{"start":{"line":445,"column":39},"end":{"line":445,"column":86}},"200":{"start":{"line":447,"column":4},"end":{"line":471,"column":5}},"201":{"start":{"line":448,"column":6},"end":{"line":470,"column":9}},"202":{"start":{"line":458,"column":10},"end":{"line":467,"column":11}},"203":{"start":{"line":460,"column":14},"end":{"line":460,"column":88}},"204":{"start":{"line":462,"column":14},"end":{"line":462,"column":61}},"205":{"start":{"line":464,"column":14},"end":{"line":464,"column":100}},"206":{"start":{"line":466,"column":14},"end":{"line":466,"column":24}},"207":{"start":{"line":473,"column":4},"end":{"line":473,"column":20}},"208":{"start":{"line":477,"column":16},"end":{"line":477,"column":17}},"209":{"start":{"line":478,"column":22},"end":{"line":478,"column":25}},"210":{"start":{"line":479,"column":26},"end":{"line":479,"column":28}},"211":{"start":{"line":481,"column":4},"end":{"line":520,"column":5}},"212":{"start":{"line":482,"column":6},"end":{"line":503,"column":7}},"213":{"start":{"line":484,"column":8},"end":{"line":484,"column":58}},"214":{"start":{"line":484,"column":30},"end":{"line":484,"column":58}},"215":{"start":{"line":485,"column":8},"end":{"line":485,"column":60}},"216":{"start":{"line":485,"column":29},"end":{"line":485,"column":60}},"217":{"start":{"line":486,"column":8},"end":{"line":486,"column":68}},"218":{"start":{"line":486,"column":33},"end":{"line":486,"column":68}},"219":{"start":{"line":487,"column":8},"end":{"line":487,"column":70}},"220":{"start":{"line":487,"column":37},"end":{"line":487,"column":70}},"221":{"start":{"line":488,"column":8},"end":{"line":488,"column":68}},"222":{"start":{"line":488,"column":36},"end":{"line":488,"column":68}},"223":{"start":{"line":489,"column":8},"end":{"line":489,"column":72}},"224":{"start":{"line":489,"column":36},"end":{"line":489,"column":72}},"225":{"start":{"line":490,"column":8},"end":{"line":490,"column":63}},"226":{"start":{"line":490,"column":32},"end":{"line":490,"column":63}},"227":{"start":{"line":491,"column":8},"end":{"line":491,"column":70}},"228":{"start":{"line":491,"column":34},"end":{"line":491,"column":70}},"229":{"start":{"line":492,"column":8},"end":{"line":492,"column":60}},"230":{"start":{"line":492,"column":29},"end":{"line":492,"column":60}},"231":{"start":{"line":496,"column":8},"end":{"line":496,"column":58}},"232":{"start":{"line":496,"column":30},"end":{"line":496,"column":58}},"233":{"start":{"line":497,"column":8},"end":{"line":497,"column":81}},"234":{"start":{"line":497,"column":42},"end":{"line":497,"column":81}},"235":{"start":{"line":498,"column":8},"end":{"line":498,"column":60}},"236":{"start":{"line":498,"column":29},"end":{"line":498,"column":60}},"237":{"start":{"line":499,"column":8},"end":{"line":499,"column":77}},"238":{"start":{"line":499,"column":38},"end":{"line":499,"column":77}},"239":{"start":{"line":500,"column":8},"end":{"line":500,"column":68}},"240":{"start":{"line":500,"column":33},"end":{"line":500,"column":68}},"241":{"start":{"line":501,"column":8},"end":{"line":501,"column":66}},"242":{"start":{"line":501,"column":32},"end":{"line":501,"column":66}},"243":{"start":{"line":502,"column":8},"end":{"line":502,"column":74}},"244":{"start":{"line":502,"column":36},"end":{"line":502,"column":74}},"245":{"start":{"line":505,"column":21},"end":{"line":512,"column":7}},"246":{"start":{"line":514,"column":6},"end":{"line":514,"column":67}},"247":{"start":{"line":515,"column":6},"end":{"line":515,"column":20}},"248":{"start":{"line":518,"column":6},"end":{"line":518,"column":76}},"249":{"start":{"line":519,"column":6},"end":{"line":519,"column":61}},"250":{"start":{"line":524,"column":4},"end":{"line":532,"column":5}},"251":{"start":{"line":525,"column":6},"end":{"line":525,"column":61}},"252":{"start":{"line":525,"column":22},"end":{"line":525,"column":61}},"253":{"start":{"line":526,"column":6},"end":{"line":526,"column":68}},"254":{"start":{"line":526,"column":22},"end":{"line":526,"column":68}},"255":{"start":{"line":527,"column":6},"end":{"line":527,"column":45}},"256":{"start":{"line":529,"column":6},"end":{"line":529,"column":69}},"257":{"start":{"line":529,"column":22},"end":{"line":529,"column":69}},"258":{"start":{"line":530,"column":6},"end":{"line":530,"column":78}},"259":{"start":{"line":530,"column":22},"end":{"line":530,"column":78}},"260":{"start":{"line":531,"column":6},"end":{"line":531,"column":53}},"261":{"start":{"line":536,"column":22},"end":{"line":547,"column":5}},"262":{"start":{"line":548,"column":4},"end":{"line":548,"column":68}},"263":{"start":{"line":552,"column":16},"end":{"line":552,"column":17}},"264":{"start":{"line":553,"column":22},"end":{"line":553,"column":25}},"265":{"start":{"line":554,"column":26},"end":{"line":554,"column":28}},"266":{"start":{"line":556,"column":4},"end":{"line":585,"column":5}},"267":{"start":{"line":557,"column":6},"end":{"line":557,"column":94}},"268":{"start":{"line":557,"column":41},"end":{"line":557,"column":94}},"269":{"start":{"line":558,"column":6},"end":{"line":558,"column":74}},"270":{"start":{"line":558,"column":31},"end":{"line":558,"column":74}},"271":{"start":{"line":559,"column":6},"end":{"line":563,"column":7}},"272":{"start":{"line":560,"column":8},"end":{"line":560,"column":44}},"273":{"start":{"line":561,"column":13},"end":{"line":563,"column":7}},"274":{"start":{"line":562,"column":8},"end":{"line":562,"column":46}},"275":{"start":{"line":564,"column":6},"end":{"line":564,"column":66}},"276":{"start":{"line":564,"column":27},"end":{"line":564,"column":66}},"277":{"start":{"line":565,"column":6},"end":{"line":565,"column":62}},"278":{"start":{"line":565,"column":25},"end":{"line":565,"column":62}},"279":{"start":{"line":566,"column":6},"end":{"line":566,"column":80}},"280":{"start":{"line":566,"column":34},"end":{"line":566,"column":80}},"281":{"start":{"line":567,"column":6},"end":{"line":567,"column":70}},"282":{"start":{"line":567,"column":33},"end":{"line":567,"column":70}},"283":{"start":{"line":569,"column":21},"end":{"line":577,"column":7}},"284":{"start":{"line":579,"column":6},"end":{"line":579,"column":75}},"285":{"start":{"line":580,"column":6},"end":{"line":580,"column":20}},"286":{"start":{"line":583,"column":6},"end":{"line":583,"column":84}},"287":{"start":{"line":584,"column":6},"end":{"line":584,"column":69}},"288":{"start":{"line":589,"column":4},"end":{"line":597,"column":5}},"289":{"start":{"line":590,"column":6},"end":{"line":590,"column":66}},"290":{"start":{"line":590,"column":22},"end":{"line":590,"column":66}},"291":{"start":{"line":591,"column":6},"end":{"line":591,"column":73}},"292":{"start":{"line":591,"column":22},"end":{"line":591,"column":73}},"293":{"start":{"line":592,"column":6},"end":{"line":592,"column":50}},"294":{"start":{"line":594,"column":6},"end":{"line":594,"column":66}},"295":{"start":{"line":594,"column":22},"end":{"line":594,"column":66}},"296":{"start":{"line":595,"column":6},"end":{"line":595,"column":76}},"297":{"start":{"line":595,"column":22},"end":{"line":595,"column":76}},"298":{"start":{"line":596,"column":6},"end":{"line":596,"column":50}},"299":{"start":{"line":601,"column":4},"end":{"line":601,"column":42}},"300":{"start":{"line":601,"column":21},"end":{"line":601,"column":42}},"301":{"start":{"line":602,"column":4},"end":{"line":602,"column":37}},"302":{"start":{"line":602,"column":21},"end":{"line":602,"column":37}},"303":{"start":{"line":603,"column":4},"end":{"line":603,"column":37}},"304":{"start":{"line":603,"column":21},"end":{"line":603,"column":37}},"305":{"start":{"line":604,"column":4},"end":{"line":604,"column":19}},"306":{"start":{"line":608,"column":4},"end":{"line":608,"column":65}},"307":{"start":{"line":608,"column":21},"end":{"line":608,"column":65}},"308":{"start":{"line":609,"column":4},"end":{"line":609,"column":77}},"309":{"start":{"line":609,"column":39},"end":{"line":609,"column":77}},"310":{"start":{"line":610,"column":4},"end":{"line":610,"column":41}},"311":{"start":{"line":614,"column":21},"end":{"line":614,"column":23}},"312":{"start":{"line":616,"column":4},"end":{"line":632,"column":5}},"313":{"start":{"line":617,"column":6},"end":{"line":623,"column":7}},"314":{"start":{"line":618,"column":8},"end":{"line":622,"column":11}},"315":{"start":{"line":625,"column":6},"end":{"line":631,"column":7}},"316":{"start":{"line":626,"column":8},"end":{"line":630,"column":11}},"317":{"start":{"line":634,"column":4},"end":{"line":634,"column":20}},"318":{"start":{"line":638,"column":21},"end":{"line":638,"column":23}},"319":{"start":{"line":640,"column":4},"end":{"line":649,"column":5}},"320":{"start":{"line":641,"column":6},"end":{"line":648,"column":9}},"321":{"start":{"line":651,"column":4},"end":{"line":657,"column":5}},"322":{"start":{"line":652,"column":6},"end":{"line":656,"column":9}},"323":{"start":{"line":659,"column":4},"end":{"line":659,"column":20}},"324":{"start":{"line":663,"column":0},"end":{"line":663,"column":39}}},"fnMap":{"0":{"name":"(anonymous_0)","decl":{"start":{"line":5,"column":2},"end":{"line":5,"column":3}},"loc":{"start":{"line":5,"column":31},"end":{"line":111,"column":3}},"line":5},"1":{"name":"(anonymous_1)","decl":{"start":{"line":12,"column":34},"end":{"line":12,"column":35}},"loc":{"start":{"line":12,"column":43},"end":{"line":18,"column":7}},"line":12},"2":{"name":"(anonymous_2)","decl":{"start":{"line":113,"column":2},"end":{"line":113,"column":3}},"loc":{"start":{"line":113,"column":24},"end":{"line":125,"column":3}},"line":113},"3":{"name":"(anonymous_3)","decl":{"start":{"line":127,"column":2},"end":{"line":127,"column":3}},"loc":{"start":{"line":127,"column":22},"end":{"line":133,"column":3}},"line":127},"4":{"name":"(anonymous_4)","decl":{"start":{"line":135,"column":2},"end":{"line":135,"column":3}},"loc":{"start":{"line":135,"column":25},"end":{"line":180,"column":3}},"line":135},"5":{"name":"(anonymous_5)","decl":{"start":{"line":143,"column":34},"end":{"line":143,"column":35}},"loc":{"start":{"line":143,"column":43},"end":{"line":148,"column":7}},"line":143},"6":{"name":"(anonymous_6)","decl":{"start":{"line":182,"column":2},"end":{"line":182,"column":3}},"loc":{"start":{"line":182,"column":19},"end":{"line":191,"column":3}},"line":182},"7":{"name":"(anonymous_7)","decl":{"start":{"line":193,"column":2},"end":{"line":193,"column":3}},"loc":{"start":{"line":193,"column":24},"end":{"line":201,"column":3}},"line":193},"8":{"name":"(anonymous_8)","decl":{"start":{"line":203,"column":2},"end":{"line":203,"column":3}},"loc":{"start":{"line":203,"column":26},"end":{"line":211,"column":3}},"line":203},"9":{"name":"(anonymous_9)","decl":{"start":{"line":213,"column":2},"end":{"line":213,"column":3}},"loc":{"start":{"line":213,"column":33},"end":{"line":221,"column":3}},"line":213},"10":{"name":"(anonymous_10)","decl":{"start":{"line":223,"column":2},"end":{"line":223,"column":3}},"loc":{"start":{"line":223,"column":27},"end":{"line":227,"column":3}},"line":223},"11":{"name":"(anonymous_11)","decl":{"start":{"line":229,"column":2},"end":{"line":229,"column":3}},"loc":{"start":{"line":229,"column":34},"end":{"line":233,"column":3}},"line":229},"12":{"name":"(anonymous_12)","decl":{"start":{"line":235,"column":2},"end":{"line":235,"column":3}},"loc":{"start":{"line":235,"column":47},"end":{"line":250,"column":3}},"line":235},"13":{"name":"(anonymous_13)","decl":{"start":{"line":252,"column":2},"end":{"line":252,"column":3}},"loc":{"start":{"line":252,"column":43},"end":{"line":318,"column":3}},"line":252},"14":{"name":"(anonymous_14)","decl":{"start":{"line":320,"column":2},"end":{"line":320,"column":3}},"loc":{"start":{"line":320,"column":39},"end":{"line":366,"column":3}},"line":320},"15":{"name":"(anonymous_15)","decl":{"start":{"line":368,"column":2},"end":{"line":368,"column":3}},"loc":{"start":{"line":368,"column":44},"end":{"line":415,"column":3}},"line":368},"16":{"name":"(anonymous_16)","decl":{"start":{"line":417,"column":2},"end":{"line":417,"column":3}},"loc":{"start":{"line":417,"column":45},"end":{"line":474,"column":3}},"line":417},"17":{"name":"(anonymous_17)","decl":{"start":{"line":457,"column":45},"end":{"line":457,"column":46}},"loc":{"start":{"line":457,"column":53},"end":{"line":468,"column":9}},"line":457},"18":{"name":"(anonymous_18)","decl":{"start":{"line":476,"column":2},"end":{"line":476,"column":3}},"loc":{"start":{"line":476,"column":40},"end":{"line":521,"column":3}},"line":476},"19":{"name":"(anonymous_19)","decl":{"start":{"line":523,"column":2},"end":{"line":523,"column":3}},"loc":{"start":{"line":523,"column":34},"end":{"line":533,"column":3}},"line":523},"20":{"name":"(anonymous_20)","decl":{"start":{"line":535,"column":2},"end":{"line":535,"column":3}},"loc":{"start":{"line":535,"column":35},"end":{"line":549,"column":3}},"line":535},"21":{"name":"(anonymous_21)","decl":{"start":{"line":551,"column":2},"end":{"line":551,"column":3}},"loc":{"start":{"line":551,"column":31},"end":{"line":586,"column":3}},"line":551},"22":{"name":"(anonymous_22)","decl":{"start":{"line":588,"column":2},"end":{"line":588,"column":3}},"loc":{"start":{"line":588,"column":32},"end":{"line":598,"column":3}},"line":588},"23":{"name":"(anonymous_23)","decl":{"start":{"line":600,"column":2},"end":{"line":600,"column":3}},"loc":{"start":{"line":600,"column":33},"end":{"line":605,"column":3}},"line":600},"24":{"name":"(anonymous_24)","decl":{"start":{"line":607,"column":2},"end":{"line":607,"column":3}},"loc":{"start":{"line":607,"column":50},"end":{"line":611,"column":3}},"line":607},"25":{"name":"(anonymous_25)","decl":{"start":{"line":613,"column":2},"end":{"line":613,"column":3}},"loc":{"start":{"line":613,"column":44},"end":{"line":635,"column":3}},"line":613},"26":{"name":"(anonymous_26)","decl":{"start":{"line":637,"column":2},"end":{"line":637,"column":3}},"loc":{"start":{"line":637,"column":45},"end":{"line":660,"column":3}},"line":637}},"branchMap":{"0":{"loc":{"start":{"line":14,"column":8},"end":{"line":17,"column":9}},"type":"if","locations":[{"start":{"line":14,"column":8},"end":{"line":17,"column":9}},{"start":{},"end":{}}],"line":14},"1":{"loc":{"start":{"line":14,"column":12},"end":{"line":14,"column":49}},"type":"binary-expr","locations":[{"start":{"line":14,"column":12},"end":{"line":14,"column":26}},{"start":{"line":14,"column":30},"end":{"line":14,"column":49}}],"line":14},"2":{"loc":{"start":{"line":21,"column":6},"end":{"line":25,"column":7}},"type":"if","locations":[{"start":{"line":21,"column":6},"end":{"line":25,"column":7}},{"start":{},"end":{}}],"line":21},"3":{"loc":{"start":{"line":28,"column":6},"end":{"line":30,"column":7}},"type":"if","locations":[{"start":{"line":28,"column":6},"end":{"line":30,"column":7}},{"start":{},"end":{}}],"line":28},"4":{"loc":{"start":{"line":33,"column":6},"end":{"line":44,"column":7}},"type":"if","locations":[{"start":{"line":33,"column":6},"end":{"line":44,"column":7}},{"start":{},"end":{}}],"line":33},"5":{"loc":{"start":{"line":33,"column":10},"end":{"line":33,"column":59}},"type":"binary-expr","locations":[{"start":{"line":33,"column":10},"end":{"line":33,"column":35}},{"start":{"line":33,"column":39},"end":{"line":33,"column":59}}],"line":33},"6":{"loc":{"start":{"line":35,"column":8},"end":{"line":43,"column":9}},"type":"if","locations":[{"start":{"line":35,"column":8},"end":{"line":43,"column":9}},{"start":{"line":37,"column":15},"end":{"line":43,"column":9}}],"line":35},"7":{"loc":{"start":{"line":37,"column":15},"end":{"line":43,"column":9}},"type":"if","locations":[{"start":{"line":37,"column":15},"end":{"line":43,"column":9}},{"start":{"line":39,"column":15},"end":{"line":43,"column":9}}],"line":37},"8":{"loc":{"start":{"line":39,"column":15},"end":{"line":43,"column":9}},"type":"if","locations":[{"start":{"line":39,"column":15},"end":{"line":43,"column":9}},{"start":{"line":41,"column":15},"end":{"line":43,"column":9}}],"line":39},"9":{"loc":{"start":{"line":47,"column":6},"end":{"line":62,"column":7}},"type":"if","locations":[{"start":{"line":47,"column":6},"end":{"line":62,"column":7}},{"start":{},"end":{}}],"line":47},"10":{"loc":{"start":{"line":48,"column":8},"end":{"line":61,"column":9}},"type":"switch","locations":[{"start":{"line":49,"column":10},"end":{"line":51,"column":18}},{"start":{"line":52,"column":10},"end":{"line":54,"column":18}},{"start":{"line":55,"column":10},"end":{"line":57,"column":18}},{"start":{"line":58,"column":10},"end":{"line":60,"column":18}}],"line":48},"11":{"loc":{"start":{"line":65,"column":6},"end":{"line":68,"column":7}},"type":"if","locations":[{"start":{"line":65,"column":6},"end":{"line":68,"column":7}},{"start":{},"end":{}}],"line":65},"12":{"loc":{"start":{"line":71,"column":6},"end":{"line":73,"column":7}},"type":"if","locations":[{"start":{"line":71,"column":6},"end":{"line":73,"column":7}},{"start":{},"end":{}}],"line":71},"13":{"loc":{"start":{"line":76,"column":6},"end":{"line":83,"column":7}},"type":"if","locations":[{"start":{"line":76,"column":6},"end":{"line":83,"column":7}},{"start":{},"end":{}}],"line":76},"14":{"loc":{"start":{"line":78,"column":8},"end":{"line":82,"column":9}},"type":"if","locations":[{"start":{"line":78,"column":8},"end":{"line":82,"column":9}},{"start":{"line":80,"column":15},"end":{"line":82,"column":9}}],"line":78},"15":{"loc":{"start":{"line":80,"column":15},"end":{"line":82,"column":9}},"type":"if","locations":[{"start":{"line":80,"column":15},"end":{"line":82,"column":9}},{"start":{},"end":{}}],"line":80},"16":{"loc":{"start":{"line":86,"column":6},"end":{"line":88,"column":7}},"type":"if","locations":[{"start":{"line":86,"column":6},"end":{"line":88,"column":7}},{"start":{},"end":{}}],"line":86},"17":{"loc":{"start":{"line":87,"column":17},"end":{"line":87,"column":66}},"type":"binary-expr","locations":[{"start":{"line":87,"column":17},"end":{"line":87,"column":61}},{"start":{"line":87,"column":65},"end":{"line":87,"column":66}}],"line":87},"18":{"loc":{"start":{"line":114,"column":4},"end":{"line":124,"column":5}},"type":"if","locations":[{"start":{"line":114,"column":4},"end":{"line":124,"column":5}},{"start":{"line":116,"column":11},"end":{"line":124,"column":5}}],"line":114},"19":{"loc":{"start":{"line":116,"column":11},"end":{"line":124,"column":5}},"type":"if","locations":[{"start":{"line":116,"column":11},"end":{"line":124,"column":5}},{"start":{"line":118,"column":11},"end":{"line":124,"column":5}}],"line":116},"20":{"loc":{"start":{"line":118,"column":11},"end":{"line":124,"column":5}},"type":"if","locations":[{"start":{"line":118,"column":11},"end":{"line":124,"column":5}},{"start":{"line":120,"column":11},"end":{"line":124,"column":5}}],"line":118},"21":{"loc":{"start":{"line":120,"column":11},"end":{"line":124,"column":5}},"type":"if","locations":[{"start":{"line":120,"column":11},"end":{"line":124,"column":5}},{"start":{"line":122,"column":11},"end":{"line":124,"column":5}}],"line":120},"22":{"loc":{"start":{"line":128,"column":4},"end":{"line":128,"column":28}},"type":"if","locations":[{"start":{"line":128,"column":4},"end":{"line":128,"column":28}},{"start":{},"end":{}}],"line":128},"23":{"loc":{"start":{"line":129,"column":4},"end":{"line":129,"column":28}},"type":"if","locations":[{"start":{"line":129,"column":4},"end":{"line":129,"column":28}},{"start":{},"end":{}}],"line":129},"24":{"loc":{"start":{"line":130,"column":4},"end":{"line":130,"column":28}},"type":"if","locations":[{"start":{"line":130,"column":4},"end":{"line":130,"column":28}},{"start":{},"end":{}}],"line":130},"25":{"loc":{"start":{"line":131,"column":4},"end":{"line":131,"column":29}},"type":"if","locations":[{"start":{"line":131,"column":4},"end":{"line":131,"column":29}},{"start":{},"end":{}}],"line":131},"26":{"loc":{"start":{"line":144,"column":8},"end":{"line":147,"column":9}},"type":"if","locations":[{"start":{"line":144,"column":8},"end":{"line":147,"column":9}},{"start":{},"end":{}}],"line":144},"27":{"loc":{"start":{"line":151,"column":6},"end":{"line":151,"column":60}},"type":"if","locations":[{"start":{"line":151,"column":6},"end":{"line":151,"column":60}},{"start":{},"end":{}}],"line":151},"28":{"loc":{"start":{"line":152,"column":6},"end":{"line":152,"column":78}},"type":"if","locations":[{"start":{"line":152,"column":6},"end":{"line":152,"column":78}},{"start":{},"end":{}}],"line":152},"29":{"loc":{"start":{"line":153,"column":6},"end":{"line":153,"column":81}},"type":"if","locations":[{"start":{"line":153,"column":6},"end":{"line":153,"column":81}},{"start":{},"end":{}}],"line":153},"30":{"loc":{"start":{"line":154,"column":6},"end":{"line":154,"column":81}},"type":"if","locations":[{"start":{"line":154,"column":6},"end":{"line":154,"column":81}},{"start":{},"end":{}}],"line":154},"31":{"loc":{"start":{"line":155,"column":6},"end":{"line":155,"column":85}},"type":"if","locations":[{"start":{"line":155,"column":6},"end":{"line":155,"column":85}},{"start":{},"end":{}}],"line":155},"32":{"loc":{"start":{"line":156,"column":6},"end":{"line":156,"column":69}},"type":"if","locations":[{"start":{"line":156,"column":6},"end":{"line":156,"column":69}},{"start":{},"end":{}}],"line":156},"33":{"loc":{"start":{"line":157,"column":6},"end":{"line":157,"column":87}},"type":"if","locations":[{"start":{"line":157,"column":6},"end":{"line":157,"column":87}},{"start":{},"end":{}}],"line":157},"34":{"loc":{"start":{"line":158,"column":6},"end":{"line":158,"column":79}},"type":"if","locations":[{"start":{"line":158,"column":6},"end":{"line":158,"column":79}},{"start":{},"end":{}}],"line":158},"35":{"loc":{"start":{"line":183,"column":4},"end":{"line":183,"column":50}},"type":"if","locations":[{"start":{"line":183,"column":4},"end":{"line":183,"column":50}},{"start":{},"end":{}}],"line":183},"36":{"loc":{"start":{"line":184,"column":4},"end":{"line":184,"column":52}},"type":"if","locations":[{"start":{"line":184,"column":4},"end":{"line":184,"column":52}},{"start":{},"end":{}}],"line":184},"37":{"loc":{"start":{"line":185,"column":4},"end":{"line":185,"column":52}},"type":"if","locations":[{"start":{"line":185,"column":4},"end":{"line":185,"column":52}},{"start":{},"end":{}}],"line":185},"38":{"loc":{"start":{"line":186,"column":4},"end":{"line":186,"column":52}},"type":"if","locations":[{"start":{"line":186,"column":4},"end":{"line":186,"column":52}},{"start":{},"end":{}}],"line":186},"39":{"loc":{"start":{"line":187,"column":4},"end":{"line":187,"column":52}},"type":"if","locations":[{"start":{"line":187,"column":4},"end":{"line":187,"column":52}},{"start":{},"end":{}}],"line":187},"40":{"loc":{"start":{"line":188,"column":4},"end":{"line":188,"column":52}},"type":"if","locations":[{"start":{"line":188,"column":4},"end":{"line":188,"column":52}},{"start":{},"end":{}}],"line":188},"41":{"loc":{"start":{"line":189,"column":4},"end":{"line":189,"column":52}},"type":"if","locations":[{"start":{"line":189,"column":4},"end":{"line":189,"column":52}},{"start":{},"end":{}}],"line":189},"42":{"loc":{"start":{"line":194,"column":4},"end":{"line":194,"column":55}},"type":"if","locations":[{"start":{"line":194,"column":4},"end":{"line":194,"column":55}},{"start":{},"end":{}}],"line":194},"43":{"loc":{"start":{"line":195,"column":4},"end":{"line":195,"column":57}},"type":"if","locations":[{"start":{"line":195,"column":4},"end":{"line":195,"column":57}},{"start":{},"end":{}}],"line":195},"44":{"loc":{"start":{"line":196,"column":4},"end":{"line":196,"column":57}},"type":"if","locations":[{"start":{"line":196,"column":4},"end":{"line":196,"column":57}},{"start":{},"end":{}}],"line":196},"45":{"loc":{"start":{"line":197,"column":4},"end":{"line":197,"column":59}},"type":"if","locations":[{"start":{"line":197,"column":4},"end":{"line":197,"column":59}},{"start":{},"end":{}}],"line":197},"46":{"loc":{"start":{"line":198,"column":4},"end":{"line":198,"column":60}},"type":"if","locations":[{"start":{"line":198,"column":4},"end":{"line":198,"column":60}},{"start":{},"end":{}}],"line":198},"47":{"loc":{"start":{"line":199,"column":4},"end":{"line":199,"column":60}},"type":"if","locations":[{"start":{"line":199,"column":4},"end":{"line":199,"column":60}},{"start":{},"end":{}}],"line":199},"48":{"loc":{"start":{"line":204,"column":4},"end":{"line":204,"column":57}},"type":"if","locations":[{"start":{"line":204,"column":4},"end":{"line":204,"column":57}},{"start":{},"end":{}}],"line":204},"49":{"loc":{"start":{"line":205,"column":4},"end":{"line":205,"column":60}},"type":"if","locations":[{"start":{"line":205,"column":4},"end":{"line":205,"column":60}},{"start":{},"end":{}}],"line":205},"50":{"loc":{"start":{"line":206,"column":4},"end":{"line":206,"column":62}},"type":"if","locations":[{"start":{"line":206,"column":4},"end":{"line":206,"column":62}},{"start":{},"end":{}}],"line":206},"51":{"loc":{"start":{"line":207,"column":4},"end":{"line":207,"column":62}},"type":"if","locations":[{"start":{"line":207,"column":4},"end":{"line":207,"column":62}},{"start":{},"end":{}}],"line":207},"52":{"loc":{"start":{"line":208,"column":4},"end":{"line":208,"column":62}},"type":"if","locations":[{"start":{"line":208,"column":4},"end":{"line":208,"column":62}},{"start":{},"end":{}}],"line":208},"53":{"loc":{"start":{"line":209,"column":4},"end":{"line":209,"column":62}},"type":"if","locations":[{"start":{"line":209,"column":4},"end":{"line":209,"column":62}},{"start":{},"end":{}}],"line":209},"54":{"loc":{"start":{"line":214,"column":4},"end":{"line":214,"column":68}},"type":"if","locations":[{"start":{"line":214,"column":4},"end":{"line":214,"column":68}},{"start":{},"end":{}}],"line":214},"55":{"loc":{"start":{"line":215,"column":4},"end":{"line":215,"column":70}},"type":"if","locations":[{"start":{"line":215,"column":4},"end":{"line":215,"column":70}},{"start":{},"end":{}}],"line":215},"56":{"loc":{"start":{"line":216,"column":4},"end":{"line":216,"column":70}},"type":"if","locations":[{"start":{"line":216,"column":4},"end":{"line":216,"column":70}},{"start":{},"end":{}}],"line":216},"57":{"loc":{"start":{"line":217,"column":4},"end":{"line":217,"column":70}},"type":"if","locations":[{"start":{"line":217,"column":4},"end":{"line":217,"column":70}},{"start":{},"end":{}}],"line":217},"58":{"loc":{"start":{"line":218,"column":4},"end":{"line":218,"column":70}},"type":"if","locations":[{"start":{"line":218,"column":4},"end":{"line":218,"column":70}},{"start":{},"end":{}}],"line":218},"59":{"loc":{"start":{"line":219,"column":4},"end":{"line":219,"column":68}},"type":"if","locations":[{"start":{"line":219,"column":4},"end":{"line":219,"column":68}},{"start":{},"end":{}}],"line":219},"60":{"loc":{"start":{"line":224,"column":4},"end":{"line":224,"column":89}},"type":"if","locations":[{"start":{"line":224,"column":4},"end":{"line":224,"column":89}},{"start":{},"end":{}}],"line":224},"61":{"loc":{"start":{"line":225,"column":4},"end":{"line":225,"column":97}},"type":"if","locations":[{"start":{"line":225,"column":4},"end":{"line":225,"column":97}},{"start":{},"end":{}}],"line":225},"62":{"loc":{"start":{"line":238,"column":4},"end":{"line":249,"column":5}},"type":"switch","locations":[{"start":{"line":239,"column":6},"end":{"line":240,"column":61}},{"start":{"line":241,"column":6},"end":{"line":242,"column":57}},{"start":{"line":243,"column":6},"end":{"line":244,"column":69}},{"start":{"line":245,"column":6},"end":{"line":246,"column":63}},{"start":{"line":247,"column":6},"end":{"line":248,"column":24}}],"line":238},"63":{"loc":{"start":{"line":256,"column":4},"end":{"line":273,"column":5}},"type":"if","locations":[{"start":{"line":256,"column":4},"end":{"line":273,"column":5}},{"start":{},"end":{}}],"line":256},"64":{"loc":{"start":{"line":276,"column":4},"end":{"line":294,"column":5}},"type":"if","locations":[{"start":{"line":276,"column":4},"end":{"line":294,"column":5}},{"start":{},"end":{}}],"line":276},"65":{"loc":{"start":{"line":297,"column":4},"end":{"line":315,"column":5}},"type":"if","locations":[{"start":{"line":297,"column":4},"end":{"line":315,"column":5}},{"start":{},"end":{}}],"line":297},"66":{"loc":{"start":{"line":324,"column":4},"end":{"line":342,"column":5}},"type":"if","locations":[{"start":{"line":324,"column":4},"end":{"line":342,"column":5}},{"start":{},"end":{}}],"line":324},"67":{"loc":{"start":{"line":324,"column":8},"end":{"line":324,"column":57}},"type":"binary-expr","locations":[{"start":{"line":324,"column":8},"end":{"line":324,"column":31}},{"start":{"line":324,"column":35},"end":{"line":324,"column":57}}],"line":324},"68":{"loc":{"start":{"line":345,"column":4},"end":{"line":363,"column":5}},"type":"if","locations":[{"start":{"line":345,"column":4},"end":{"line":363,"column":5}},{"start":{},"end":{}}],"line":345},"69":{"loc":{"start":{"line":345,"column":8},"end":{"line":345,"column":57}},"type":"binary-expr","locations":[{"start":{"line":345,"column":8},"end":{"line":345,"column":30}},{"start":{"line":345,"column":34},"end":{"line":345,"column":57}}],"line":345},"70":{"loc":{"start":{"line":371,"column":4},"end":{"line":412,"column":5}},"type":"if","locations":[{"start":{"line":371,"column":4},"end":{"line":412,"column":5}},{"start":{"line":391,"column":11},"end":{"line":412,"column":5}}],"line":371},"71":{"loc":{"start":{"line":373,"column":6},"end":{"line":390,"column":7}},"type":"if","locations":[{"start":{"line":373,"column":6},"end":{"line":390,"column":7}},{"start":{},"end":{}}],"line":373},"72":{"loc":{"start":{"line":393,"column":6},"end":{"line":411,"column":7}},"type":"if","locations":[{"start":{"line":393,"column":6},"end":{"line":411,"column":7}},{"start":{},"end":{}}],"line":393},"73":{"loc":{"start":{"line":421,"column":4},"end":{"line":439,"column":5}},"type":"if","locations":[{"start":{"line":421,"column":4},"end":{"line":439,"column":5}},{"start":{},"end":{}}],"line":421},"74":{"loc":{"start":{"line":443,"column":4},"end":{"line":443,"column":57}},"type":"if","locations":[{"start":{"line":443,"column":4},"end":{"line":443,"column":57}},{"start":{},"end":{}}],"line":443},"75":{"loc":{"start":{"line":444,"column":4},"end":{"line":444,"column":57}},"type":"if","locations":[{"start":{"line":444,"column":4},"end":{"line":444,"column":57}},{"start":{},"end":{}}],"line":444},"76":{"loc":{"start":{"line":445,"column":4},"end":{"line":445,"column":86}},"type":"if","locations":[{"start":{"line":445,"column":4},"end":{"line":445,"column":86}},{"start":{},"end":{}}],"line":445},"77":{"loc":{"start":{"line":447,"column":4},"end":{"line":471,"column":5}},"type":"if","locations":[{"start":{"line":447,"column":4},"end":{"line":471,"column":5}},{"start":{},"end":{}}],"line":447},"78":{"loc":{"start":{"line":458,"column":10},"end":{"line":467,"column":11}},"type":"switch","locations":[{"start":{"line":459,"column":12},"end":{"line":460,"column":88}},{"start":{"line":461,"column":12},"end":{"line":462,"column":61}},{"start":{"line":463,"column":12},"end":{"line":464,"column":100}},{"start":{"line":465,"column":12},"end":{"line":466,"column":24}}],"line":458},"79":{"loc":{"start":{"line":476,"column":24},"end":{"line":476,"column":38}},"type":"default-arg","locations":[{"start":{"line":476,"column":31},"end":{"line":476,"column":38}}],"line":476},"80":{"loc":{"start":{"line":482,"column":6},"end":{"line":503,"column":7}},"type":"if","locations":[{"start":{"line":482,"column":6},"end":{"line":503,"column":7}},{"start":{"line":494,"column":13},"end":{"line":503,"column":7}}],"line":482},"81":{"loc":{"start":{"line":484,"column":8},"end":{"line":484,"column":58}},"type":"if","locations":[{"start":{"line":484,"column":8},"end":{"line":484,"column":58}},{"start":{},"end":{}}],"line":484},"82":{"loc":{"start":{"line":485,"column":8},"end":{"line":485,"column":60}},"type":"if","locations":[{"start":{"line":485,"column":8},"end":{"line":485,"column":60}},{"start":{},"end":{}}],"line":485},"83":{"loc":{"start":{"line":486,"column":8},"end":{"line":486,"column":68}},"type":"if","locations":[{"start":{"line":486,"column":8},"end":{"line":486,"column":68}},{"start":{},"end":{}}],"line":486},"84":{"loc":{"start":{"line":487,"column":8},"end":{"line":487,"column":70}},"type":"if","locations":[{"start":{"line":487,"column":8},"end":{"line":487,"column":70}},{"start":{},"end":{}}],"line":487},"85":{"loc":{"start":{"line":488,"column":8},"end":{"line":488,"column":68}},"type":"if","locations":[{"start":{"line":488,"column":8},"end":{"line":488,"column":68}},{"start":{},"end":{}}],"line":488},"86":{"loc":{"start":{"line":489,"column":8},"end":{"line":489,"column":72}},"type":"if","locations":[{"start":{"line":489,"column":8},"end":{"line":489,"column":72}},{"start":{},"end":{}}],"line":489},"87":{"loc":{"start":{"line":490,"column":8},"end":{"line":490,"column":63}},"type":"if","locations":[{"start":{"line":490,"column":8},"end":{"line":490,"column":63}},{"start":{},"end":{}}],"line":490},"88":{"loc":{"start":{"line":491,"column":8},"end":{"line":491,"column":70}},"type":"if","locations":[{"start":{"line":491,"column":8},"end":{"line":491,"column":70}},{"start":{},"end":{}}],"line":491},"89":{"loc":{"start":{"line":492,"column":8},"end":{"line":492,"column":60}},"type":"if","locations":[{"start":{"line":492,"column":8},"end":{"line":492,"column":60}},{"start":{},"end":{}}],"line":492},"90":{"loc":{"start":{"line":496,"column":8},"end":{"line":496,"column":58}},"type":"if","locations":[{"start":{"line":496,"column":8},"end":{"line":496,"column":58}},{"start":{},"end":{}}],"line":496},"91":{"loc":{"start":{"line":497,"column":8},"end":{"line":497,"column":81}},"type":"if","locations":[{"start":{"line":497,"column":8},"end":{"line":497,"column":81}},{"start":{},"end":{}}],"line":497},"92":{"loc":{"start":{"line":498,"column":8},"end":{"line":498,"column":60}},"type":"if","locations":[{"start":{"line":498,"column":8},"end":{"line":498,"column":60}},{"start":{},"end":{}}],"line":498},"93":{"loc":{"start":{"line":499,"column":8},"end":{"line":499,"column":77}},"type":"if","locations":[{"start":{"line":499,"column":8},"end":{"line":499,"column":77}},{"start":{},"end":{}}],"line":499},"94":{"loc":{"start":{"line":500,"column":8},"end":{"line":500,"column":68}},"type":"if","locations":[{"start":{"line":500,"column":8},"end":{"line":500,"column":68}},{"start":{},"end":{}}],"line":500},"95":{"loc":{"start":{"line":501,"column":8},"end":{"line":501,"column":66}},"type":"if","locations":[{"start":{"line":501,"column":8},"end":{"line":501,"column":66}},{"start":{},"end":{}}],"line":501},"96":{"loc":{"start":{"line":502,"column":8},"end":{"line":502,"column":74}},"type":"if","locations":[{"start":{"line":502,"column":8},"end":{"line":502,"column":74}},{"start":{},"end":{}}],"line":502},"97":{"loc":{"start":{"line":524,"column":4},"end":{"line":532,"column":5}},"type":"if","locations":[{"start":{"line":524,"column":4},"end":{"line":532,"column":5}},{"start":{"line":528,"column":11},"end":{"line":532,"column":5}}],"line":524},"98":{"loc":{"start":{"line":525,"column":6},"end":{"line":525,"column":61}},"type":"if","locations":[{"start":{"line":525,"column":6},"end":{"line":525,"column":61}},{"start":{},"end":{}}],"line":525},"99":{"loc":{"start":{"line":526,"column":6},"end":{"line":526,"column":68}},"type":"if","locations":[{"start":{"line":526,"column":6},"end":{"line":526,"column":68}},{"start":{},"end":{}}],"line":526},"100":{"loc":{"start":{"line":529,"column":6},"end":{"line":529,"column":69}},"type":"if","locations":[{"start":{"line":529,"column":6},"end":{"line":529,"column":69}},{"start":{},"end":{}}],"line":529},"101":{"loc":{"start":{"line":530,"column":6},"end":{"line":530,"column":78}},"type":"if","locations":[{"start":{"line":530,"column":6},"end":{"line":530,"column":78}},{"start":{},"end":{}}],"line":530},"102":{"loc":{"start":{"line":548,"column":11},"end":{"line":548,"column":67}},"type":"cond-expr","locations":[{"start":{"line":548,"column":44},"end":{"line":548,"column":60}},{"start":{"line":548,"column":63},"end":{"line":548,"column":67}}],"line":548},"103":{"loc":{"start":{"line":557,"column":6},"end":{"line":557,"column":94}},"type":"if","locations":[{"start":{"line":557,"column":6},"end":{"line":557,"column":94}},{"start":{},"end":{}}],"line":557},"104":{"loc":{"start":{"line":558,"column":6},"end":{"line":558,"column":74}},"type":"if","locations":[{"start":{"line":558,"column":6},"end":{"line":558,"column":74}},{"start":{},"end":{}}],"line":558},"105":{"loc":{"start":{"line":559,"column":6},"end":{"line":563,"column":7}},"type":"if","locations":[{"start":{"line":559,"column":6},"end":{"line":563,"column":7}},{"start":{"line":561,"column":13},"end":{"line":563,"column":7}}],"line":559},"106":{"loc":{"start":{"line":561,"column":13},"end":{"line":563,"column":7}},"type":"if","locations":[{"start":{"line":561,"column":13},"end":{"line":563,"column":7}},{"start":{},"end":{}}],"line":561},"107":{"loc":{"start":{"line":564,"column":6},"end":{"line":564,"column":66}},"type":"if","locations":[{"start":{"line":564,"column":6},"end":{"line":564,"column":66}},{"start":{},"end":{}}],"line":564},"108":{"loc":{"start":{"line":565,"column":6},"end":{"line":565,"column":62}},"type":"if","locations":[{"start":{"line":565,"column":6},"end":{"line":565,"column":62}},{"start":{},"end":{}}],"line":565},"109":{"loc":{"start":{"line":566,"column":6},"end":{"line":566,"column":80}},"type":"if","locations":[{"start":{"line":566,"column":6},"end":{"line":566,"column":80}},{"start":{},"end":{}}],"line":566},"110":{"loc":{"start":{"line":567,"column":6},"end":{"line":567,"column":70}},"type":"if","locations":[{"start":{"line":567,"column":6},"end":{"line":567,"column":70}},{"start":{},"end":{}}],"line":567},"111":{"loc":{"start":{"line":589,"column":4},"end":{"line":597,"column":5}},"type":"if","locations":[{"start":{"line":589,"column":4},"end":{"line":597,"column":5}},{"start":{"line":593,"column":11},"end":{"line":597,"column":5}}],"line":589},"112":{"loc":{"start":{"line":590,"column":6},"end":{"line":590,"column":66}},"type":"if","locations":[{"start":{"line":590,"column":6},"end":{"line":590,"column":66}},{"start":{},"end":{}}],"line":590},"113":{"loc":{"start":{"line":591,"column":6},"end":{"line":591,"column":73}},"type":"if","locations":[{"start":{"line":591,"column":6},"end":{"line":591,"column":73}},{"start":{},"end":{}}],"line":591},"114":{"loc":{"start":{"line":594,"column":6},"end":{"line":594,"column":66}},"type":"if","locations":[{"start":{"line":594,"column":6},"end":{"line":594,"column":66}},{"start":{},"end":{}}],"line":594},"115":{"loc":{"start":{"line":595,"column":6},"end":{"line":595,"column":76}},"type":"if","locations":[{"start":{"line":595,"column":6},"end":{"line":595,"column":76}},{"start":{},"end":{}}],"line":595},"116":{"loc":{"start":{"line":601,"column":4},"end":{"line":601,"column":42}},"type":"if","locations":[{"start":{"line":601,"column":4},"end":{"line":601,"column":42}},{"start":{},"end":{}}],"line":601},"117":{"loc":{"start":{"line":602,"column":4},"end":{"line":602,"column":37}},"type":"if","locations":[{"start":{"line":602,"column":4},"end":{"line":602,"column":37}},{"start":{},"end":{}}],"line":602},"118":{"loc":{"start":{"line":603,"column":4},"end":{"line":603,"column":37}},"type":"if","locations":[{"start":{"line":603,"column":4},"end":{"line":603,"column":37}},{"start":{},"end":{}}],"line":603},"119":{"loc":{"start":{"line":608,"column":4},"end":{"line":608,"column":65}},"type":"if","locations":[{"start":{"line":608,"column":4},"end":{"line":608,"column":65}},{"start":{},"end":{}}],"line":608},"120":{"loc":{"start":{"line":609,"column":4},"end":{"line":609,"column":77}},"type":"if","locations":[{"start":{"line":609,"column":4},"end":{"line":609,"column":77}},{"start":{},"end":{}}],"line":609},"121":{"loc":{"start":{"line":609,"column":8},"end":{"line":609,"column":37}},"type":"binary-expr","locations":[{"start":{"line":609,"column":8},"end":{"line":609,"column":19}},{"start":{"line":609,"column":23},"end":{"line":609,"column":37}}],"line":609},"122":{"loc":{"start":{"line":616,"column":4},"end":{"line":632,"column":5}},"type":"if","locations":[{"start":{"line":616,"column":4},"end":{"line":632,"column":5}},{"start":{"line":624,"column":11},"end":{"line":632,"column":5}}],"line":616},"123":{"loc":{"start":{"line":617,"column":6},"end":{"line":623,"column":7}},"type":"if","locations":[{"start":{"line":617,"column":6},"end":{"line":623,"column":7}},{"start":{},"end":{}}],"line":617},"124":{"loc":{"start":{"line":617,"column":10},"end":{"line":617,"column":59}},"type":"binary-expr","locations":[{"start":{"line":617,"column":10},"end":{"line":617,"column":33}},{"start":{"line":617,"column":37},"end":{"line":617,"column":59}}],"line":617},"125":{"loc":{"start":{"line":625,"column":6},"end":{"line":631,"column":7}},"type":"if","locations":[{"start":{"line":625,"column":6},"end":{"line":631,"column":7}},{"start":{},"end":{}}],"line":625},"126":{"loc":{"start":{"line":640,"column":4},"end":{"line":649,"column":5}},"type":"if","locations":[{"start":{"line":640,"column":4},"end":{"line":649,"column":5}},{"start":{},"end":{}}],"line":640},"127":{"loc":{"start":{"line":651,"column":4},"end":{"line":657,"column":5}},"type":"if","locations":[{"start":{"line":651,"column":4},"end":{"line":657,"column":5}},{"start":{},"end":{}}],"line":651}},"s":{"0":1,"1":1,"2":3,"3":3,"4":3,"5":3,"6":3,"7":18,"8":4,"9":4,"10":3,"11":3,"12":3,"13":3,"14":0,"15":3,"16":2,"17":2,"18":1,"19":1,"20":0,"21":1,"22":0,"23":1,"24":3,"25":2,"26":1,"27":1,"28":1,"29":1,"30":0,"31":0,"32":0,"33":0,"34":3,"35":1,"36":3,"37":1,"38":3,"39":1,"40":1,"41":0,"42":1,"43":1,"44":3,"45":2,"46":3,"47":3,"48":3,"49":3,"50":0,"51":0,"52":3,"53":0,"54":3,"55":0,"56":3,"57":0,"58":3,"59":0,"60":3,"61":3,"62":0,"63":3,"64":0,"65":3,"66":0,"67":3,"68":0,"69":3,"70":1,"71":1,"72":1,"73":1,"74":1,"75":1,"76":5,"77":0,"78":0,"79":1,"80":1,"81":1,"82":1,"83":1,"84":1,"85":1,"86":1,"87":1,"88":1,"89":1,"90":0,"91":1,"92":1,"93":1,"94":1,"95":1,"96":1,"97":1,"98":1,"99":0,"100":0,"101":1,"102":0,"103":1,"104":0,"105":1,"106":0,"107":1,"108":0,"109":1,"110":1,"111":0,"112":0,"113":0,"114":0,"115":0,"116":1,"117":0,"118":1,"119":0,"120":1,"121":1,"122":0,"123":0,"124":0,"125":0,"126":0,"127":0,"128":0,"129":1,"130":0,"131":1,"132":0,"133":1,"134":0,"135":1,"136":1,"137":0,"138":0,"139":0,"140":0,"141":0,"142":1,"143":0,"144":1,"145":0,"146":1,"147":0,"148":1,"149":1,"150":0,"151":0,"152":0,"153":0,"154":0,"155":4,"156":1,"157":3,"158":1,"159":2,"160":1,"161":1,"162":4,"163":4,"164":3,"165":1,"166":0,"167":0,"168":0,"169":3,"170":3,"171":1,"172":3,"173":0,"174":3,"175":3,"176":3,"177":1,"178":1,"179":0,"180":1,"181":0,"182":1,"183":0,"184":0,"185":0,"186":0,"187":0,"188":0,"189":0,"190":0,"191":0,"192":0,"193":0,"194":0,"195":0,"196":0,"197":0,"198":0,"199":0,"200":0,"201":0,"202":0,"203":0,"204":0,"205":0,"206":0,"207":0,"208":3,"209":3,"210":3,"211":3,"212":3,"213":2,"214":1,"215":2,"216":1,"217":2,"218":1,"219":2,"220":1,"221":2,"222":1,"223":2,"224":1,"225":2,"226":1,"227":2,"228":1,"229":2,"230":1,"231":1,"232":1,"233":1,"234":1,"235":1,"236":1,"237":1,"238":1,"239":1,"240":1,"241":1,"242":1,"243":1,"244":1,"245":3,"246":3,"247":3,"248":0,"249":0,"250":9,"251":5,"252":2,"253":3,"254":1,"255":2,"256":4,"257":1,"258":3,"259":1,"260":2,"261":5,"262":5,"263":1,"264":1,"265":1,"266":1,"267":1,"268":1,"269":1,"270":1,"271":1,"272":1,"273":0,"274":0,"275":1,"276":1,"277":1,"278":0,"279":1,"280":1,"281":1,"282":1,"283":1,"284":1,"285":1,"286":0,"287":0,"288":6,"289":5,"290":2,"291":3,"292":1,"293":2,"294":1,"295":0,"296":1,"297":0,"298":1,"299":5,"300":1,"301":4,"302":1,"303":3,"304":1,"305":2,"306":1,"307":0,"308":1,"309":0,"310":1,"311":3,"312":3,"313":2,"314":1,"315":1,"316":1,"317":3,"318":1,"319":1,"320":1,"321":1,"322":1,"323":1,"324":1},"f":{"0":3,"1":18,"2":3,"3":3,"4":1,"5":5,"6":1,"7":1,"8":1,"9":1,"10":4,"11":1,"12":4,"13":3,"14":1,"15":0,"16":0,"17":0,"18":3,"19":9,"20":5,"21":1,"22":6,"23":5,"24":1,"25":3,"26":1},"b":{"0":[4,14],"1":[18,6],"2":[3,0],"3":[0,3],"4":[2,1],"5":[3,2],"6":[1,1],"7":[0,1],"8":[0,1],"9":[2,1],"10":[1,1,0,0],"11":[1,2],"12":[1,2],"13":[1,2],"14":[0,1],"15":[1,0],"16":[2,1],"17":[2,2],"18":[0,3],"19":[0,3],"20":[0,3],"21":[0,3],"22":[0,3],"23":[0,3],"24":[0,3],"25":[0,3],"26":[0,5],"27":[1,0],"28":[1,0],"29":[1,0],"30":[1,0],"31":[1,0],"32":[0,1],"33":[1,0],"34":[1,0],"35":[0,1],"36":[0,1],"37":[0,1],"38":[0,1],"39":[1,0],"40":[0,0],"41":[0,0],"42":[0,1],"43":[0,1],"44":[1,0],"45":[0,0],"46":[0,0],"47":[0,0],"48":[0,1],"49":[0,1],"50":[0,1],"51":[1,0],"52":[0,0],"53":[0,0],"54":[0,1],"55":[0,1],"56":[0,1],"57":[1,0],"58":[0,0],"59":[0,0],"60":[1,3],"61":[1,2],"62":[3,1,0,0,0],"63":[1,2],"64":[0,3],"65":[3,0],"66":[0,1],"67":[1,0],"68":[0,1],"69":[1,0],"70":[0,0],"71":[0,0],"72":[0,0],"73":[0,0],"74":[0,0],"75":[0,0],"76":[0,0],"77":[0,0],"78":[0,0,0,0],"79":[0],"80":[2,1],"81":[1,1],"82":[1,1],"83":[1,1],"84":[1,1],"85":[1,1],"86":[1,1],"87":[1,1],"88":[1,1],"89":[1,1],"90":[1,0],"91":[1,0],"92":[1,0],"93":[1,0],"94":[1,0],"95":[1,0],"96":[1,0],"97":[5,4],"98":[2,3],"99":[1,2],"100":[1,3],"101":[1,2],"102":[4,1],"103":[1,0],"104":[1,0],"105":[1,0],"106":[0,0],"107":[1,0],"108":[0,1],"109":[1,0],"110":[1,0],"111":[5,1],"112":[2,3],"113":[1,2],"114":[0,1],"115":[0,1],"116":[1,4],"117":[1,3],"118":[1,2],"119":[0,1],"120":[0,1],"121":[1,0],"122":[2,1],"123":[1,1],"124":[2,1],"125":[1,0],"126":[1,0],"127":[1,0]},"_coverageSchema":"1a1c01bbd47fc00a2c39e90264f33305004495a9","hash":"80f5c21af0421b19d41ddd004fabd1bef80bfa3a"}
,"/Users/waliddib/hospiAi/src/utils/logger.js": {"path":"/Users/waliddib/hospiAi/src/utils/logger.js","statementMap":{"0":{"start":{"line":1,"column":16},"end":{"line":1,"column":34}},"1":{"start":{"line":3,"column":15},"end":{"line":13,"column":2}},"2":{"start":{"line":15,"column":0},"end":{"line":19,"column":1}},"3":{"start":{"line":16,"column":2},"end":{"line":18,"column":6}},"4":{"start":{"line":21,"column":0},"end":{"line":21,"column":24}}},"fnMap":{},"branchMap":{"0":{"loc":{"start":{"line":4,"column":9},"end":{"line":4,"column":40}},"type":"binary-expr","locations":[{"start":{"line":4,"column":9},"end":{"line":4,"column":30}},{"start":{"line":4,"column":34},"end":{"line":4,"column":40}}],"line":4},"1":{"loc":{"start":{"line":15,"column":0},"end":{"line":19,"column":1}},"type":"if","locations":[{"start":{"line":15,"column":0},"end":{"line":19,"column":1}},{"start":{},"end":{}}],"line":15}},"s":{"0":1,"1":1,"2":1,"3":1,"4":1},"f":{},"b":{"0":[1,1],"1":[1,0]},"_coverageSchema":"1a1c01bbd47fc00a2c39e90264f33305004495a9","hash":"0d12d54cb492c65e209fc9ba4675c29aa79b3773"}
}
