TN:
SF:src/constants/riskFactors.js
FN:5,(anonymous_0)
FN:30,(anonymous_1)
FNF:2
FNH:2
FNDA:3,(anonymous_0)
FNDA:1,(anonymous_1)
DA:1,1
DA:5,3
DA:30,1
DA:56,1
DA:105,1
DA:127,1
DA:138,1
DA:147,1
LF:8
LH:8
BRF:0
BRH:0
end_of_record
TN:
SF:src/services/scoreCalculator.js
FN:5,(anonymous_0)
FN:12,(anonymous_1)
FN:113,(anonymous_2)
FN:127,(anonymous_3)
FN:135,(anonymous_4)
FN:143,(anonymous_5)
FN:182,(anonymous_6)
FN:193,(anonymous_7)
FN:203,(anonymous_8)
FN:213,(anonymous_9)
FN:223,(anonymous_10)
FN:229,(anonymous_11)
FN:235,(anonymous_12)
FN:252,(anonymous_13)
FN:320,(anonymous_14)
FN:368,(anonymous_15)
FN:417,(anonymous_16)
FN:457,(anonymous_17)
FN:476,(anonymous_18)
FN:523,(anonymous_19)
FN:535,(anonymous_20)
FN:551,(anonymous_21)
FN:588,(anonymous_22)
FN:600,(anonymous_23)
FN:607,(anonymous_24)
FN:613,(anonymous_25)
FN:637,(anonymous_26)
FNF:27
FNH:24
FNDA:3,(anonymous_0)
FNDA:18,(anonymous_1)
FNDA:3,(anonymous_2)
FNDA:3,(anonymous_3)
FNDA:1,(anonymous_4)
FNDA:5,(anonymous_5)
FNDA:1,(anonymous_6)
FNDA:1,(anonymous_7)
FNDA:1,(anonymous_8)
FNDA:1,(anonymous_9)
FNDA:4,(anonymous_10)
FNDA:1,(anonymous_11)
FNDA:4,(anonymous_12)
FNDA:3,(anonymous_13)
FNDA:1,(anonymous_14)
FNDA:0,(anonymous_15)
FNDA:0,(anonymous_16)
FNDA:0,(anonymous_17)
FNDA:3,(anonymous_18)
FNDA:9,(anonymous_19)
FNDA:5,(anonymous_20)
FNDA:1,(anonymous_21)
FNDA:6,(anonymous_22)
FNDA:5,(anonymous_23)
FNDA:1,(anonymous_24)
FNDA:3,(anonymous_25)
FNDA:1,(anonymous_26)
DA:1,1
DA:2,1
DA:6,3
DA:7,3
DA:8,3
DA:10,3
DA:12,3
DA:14,18
DA:15,4
DA:16,4
DA:21,3
DA:22,3
DA:24,3
DA:28,3
DA:29,0
DA:33,3
DA:34,2
DA:35,2
DA:36,1
DA:37,1
DA:38,0
DA:39,1
DA:40,0
DA:42,1
DA:47,3
DA:48,2
DA:50,1
DA:51,1
DA:53,1
DA:54,1
DA:56,0
DA:57,0
DA:59,0
DA:60,0
DA:65,3
DA:66,1
DA:71,3
DA:72,1
DA:76,3
DA:77,1
DA:78,1
DA:79,0
DA:80,1
DA:81,1
DA:86,3
DA:87,2
DA:91,3
DA:94,3
DA:104,3
DA:105,3
DA:108,0
DA:109,0
DA:114,3
DA:115,0
DA:116,3
DA:117,0
DA:118,3
DA:119,0
DA:120,3
DA:121,0
DA:123,3
DA:128,3
DA:129,3
DA:130,3
DA:131,3
DA:132,3
DA:136,1
DA:137,1
DA:138,1
DA:139,1
DA:141,1
DA:143,1
DA:144,5
DA:145,0
DA:146,0
DA:151,1
DA:152,1
DA:153,1
DA:154,1
DA:155,1
DA:156,1
DA:157,1
DA:158,1
DA:161,1
DA:163,1
DA:173,1
DA:174,1
DA:177,0
DA:178,0
DA:183,1
DA:184,1
DA:185,1
DA:186,1
DA:187,1
DA:188,0
DA:189,0
DA:190,0
DA:194,1
DA:195,1
DA:196,1
DA:197,0
DA:198,0
DA:199,0
DA:200,0
DA:204,1
DA:205,1
DA:206,1
DA:207,1
DA:208,0
DA:209,0
DA:210,0
DA:214,1
DA:215,1
DA:216,1
DA:217,1
DA:218,0
DA:219,0
DA:220,0
DA:224,4
DA:225,3
DA:226,2
DA:231,1
DA:232,1
DA:236,4
DA:238,4
DA:240,3
DA:242,1
DA:244,0
DA:246,0
DA:248,0
DA:253,3
DA:256,3
DA:257,1
DA:276,3
DA:277,0
DA:297,3
DA:298,3
DA:317,3
DA:321,1
DA:324,1
DA:325,0
DA:345,1
DA:346,0
DA:365,1
DA:369,0
DA:371,0
DA:373,0
DA:374,0
DA:393,0
DA:394,0
DA:414,0
DA:418,0
DA:421,0
DA:422,0
DA:442,0
DA:443,0
DA:444,0
DA:445,0
DA:447,0
DA:448,0
DA:458,0
DA:460,0
DA:462,0
DA:464,0
DA:466,0
DA:473,0
DA:477,3
DA:478,3
DA:479,3
DA:481,3
DA:482,3
DA:484,2
DA:485,2
DA:486,2
DA:487,2
DA:488,2
DA:489,2
DA:490,2
DA:491,2
DA:492,2
DA:496,1
DA:497,1
DA:498,1
DA:499,1
DA:500,1
DA:501,1
DA:502,1
DA:505,3
DA:514,3
DA:515,3
DA:518,0
DA:519,0
DA:524,9
DA:525,5
DA:526,3
DA:527,2
DA:529,4
DA:530,3
DA:531,2
DA:536,5
DA:548,5
DA:552,1
DA:553,1
DA:554,1
DA:556,1
DA:557,1
DA:558,1
DA:559,1
DA:560,1
DA:561,0
DA:562,0
DA:564,1
DA:565,1
DA:566,1
DA:567,1
DA:569,1
DA:579,1
DA:580,1
DA:583,0
DA:584,0
DA:589,6
DA:590,5
DA:591,3
DA:592,2
DA:594,1
DA:595,1
DA:596,1
DA:601,5
DA:602,4
DA:603,3
DA:604,2
DA:608,1
DA:609,1
DA:610,1
DA:614,3
DA:616,3
DA:617,2
DA:618,1
DA:625,1
DA:626,1
DA:634,3
DA:638,1
DA:640,1
DA:641,1
DA:651,1
DA:652,1
DA:659,1
DA:663,1
LF:248
LH:183
BRDA:14,0,0,4
BRDA:14,0,1,14
BRDA:14,1,0,18
BRDA:14,1,1,6
BRDA:21,2,0,3
BRDA:21,2,1,0
BRDA:28,3,0,0
BRDA:28,3,1,3
BRDA:33,4,0,2
BRDA:33,4,1,1
BRDA:33,5,0,3
BRDA:33,5,1,2
BRDA:35,6,0,1
BRDA:35,6,1,1
BRDA:37,7,0,0
BRDA:37,7,1,1
BRDA:39,8,0,0
BRDA:39,8,1,1
BRDA:47,9,0,2
BRDA:47,9,1,1
BRDA:48,10,0,1
BRDA:48,10,1,1
BRDA:48,10,2,0
BRDA:48,10,3,0
BRDA:65,11,0,1
BRDA:65,11,1,2
BRDA:71,12,0,1
BRDA:71,12,1,2
BRDA:76,13,0,1
BRDA:76,13,1,2
BRDA:78,14,0,0
BRDA:78,14,1,1
BRDA:80,15,0,1
BRDA:80,15,1,0
BRDA:86,16,0,2
BRDA:86,16,1,1
BRDA:87,17,0,2
BRDA:87,17,1,2
BRDA:114,18,0,0
BRDA:114,18,1,3
BRDA:116,19,0,0
BRDA:116,19,1,3
BRDA:118,20,0,0
BRDA:118,20,1,3
BRDA:120,21,0,0
BRDA:120,21,1,3
BRDA:128,22,0,0
BRDA:128,22,1,3
BRDA:129,23,0,0
BRDA:129,23,1,3
BRDA:130,24,0,0
BRDA:130,24,1,3
BRDA:131,25,0,0
BRDA:131,25,1,3
BRDA:144,26,0,0
BRDA:144,26,1,5
BRDA:151,27,0,1
BRDA:151,27,1,0
BRDA:152,28,0,1
BRDA:152,28,1,0
BRDA:153,29,0,1
BRDA:153,29,1,0
BRDA:154,30,0,1
BRDA:154,30,1,0
BRDA:155,31,0,1
BRDA:155,31,1,0
BRDA:156,32,0,0
BRDA:156,32,1,1
BRDA:157,33,0,1
BRDA:157,33,1,0
BRDA:158,34,0,1
BRDA:158,34,1,0
BRDA:183,35,0,0
BRDA:183,35,1,1
BRDA:184,36,0,0
BRDA:184,36,1,1
BRDA:185,37,0,0
BRDA:185,37,1,1
BRDA:186,38,0,0
BRDA:186,38,1,1
BRDA:187,39,0,1
BRDA:187,39,1,0
BRDA:188,40,0,0
BRDA:188,40,1,0
BRDA:189,41,0,0
BRDA:189,41,1,0
BRDA:194,42,0,0
BRDA:194,42,1,1
BRDA:195,43,0,0
BRDA:195,43,1,1
BRDA:196,44,0,1
BRDA:196,44,1,0
BRDA:197,45,0,0
BRDA:197,45,1,0
BRDA:198,46,0,0
BRDA:198,46,1,0
BRDA:199,47,0,0
BRDA:199,47,1,0
BRDA:204,48,0,0
BRDA:204,48,1,1
BRDA:205,49,0,0
BRDA:205,49,1,1
BRDA:206,50,0,0
BRDA:206,50,1,1
BRDA:207,51,0,1
BRDA:207,51,1,0
BRDA:208,52,0,0
BRDA:208,52,1,0
BRDA:209,53,0,0
BRDA:209,53,1,0
BRDA:214,54,0,0
BRDA:214,54,1,1
BRDA:215,55,0,0
BRDA:215,55,1,1
BRDA:216,56,0,0
BRDA:216,56,1,1
BRDA:217,57,0,1
BRDA:217,57,1,0
BRDA:218,58,0,0
BRDA:218,58,1,0
BRDA:219,59,0,0
BRDA:219,59,1,0
BRDA:224,60,0,1
BRDA:224,60,1,3
BRDA:225,61,0,1
BRDA:225,61,1,2
BRDA:238,62,0,3
BRDA:238,62,1,1
BRDA:238,62,2,0
BRDA:238,62,3,0
BRDA:238,62,4,0
BRDA:256,63,0,1
BRDA:256,63,1,2
BRDA:276,64,0,0
BRDA:276,64,1,3
BRDA:297,65,0,3
BRDA:297,65,1,0
BRDA:324,66,0,0
BRDA:324,66,1,1
BRDA:324,67,0,1
BRDA:324,67,1,0
BRDA:345,68,0,0
BRDA:345,68,1,1
BRDA:345,69,0,1
BRDA:345,69,1,0
BRDA:371,70,0,0
BRDA:371,70,1,0
BRDA:373,71,0,0
BRDA:373,71,1,0
BRDA:393,72,0,0
BRDA:393,72,1,0
BRDA:421,73,0,0
BRDA:421,73,1,0
BRDA:443,74,0,0
BRDA:443,74,1,0
BRDA:444,75,0,0
BRDA:444,75,1,0
BRDA:445,76,0,0
BRDA:445,76,1,0
BRDA:447,77,0,0
BRDA:447,77,1,0
BRDA:458,78,0,0
BRDA:458,78,1,0
BRDA:458,78,2,0
BRDA:458,78,3,0
BRDA:476,79,0,0
BRDA:482,80,0,2
BRDA:482,80,1,1
BRDA:484,81,0,1
BRDA:484,81,1,1
BRDA:485,82,0,1
BRDA:485,82,1,1
BRDA:486,83,0,1
BRDA:486,83,1,1
BRDA:487,84,0,1
BRDA:487,84,1,1
BRDA:488,85,0,1
BRDA:488,85,1,1
BRDA:489,86,0,1
BRDA:489,86,1,1
BRDA:490,87,0,1
BRDA:490,87,1,1
BRDA:491,88,0,1
BRDA:491,88,1,1
BRDA:492,89,0,1
BRDA:492,89,1,1
BRDA:496,90,0,1
BRDA:496,90,1,0
BRDA:497,91,0,1
BRDA:497,91,1,0
BRDA:498,92,0,1
BRDA:498,92,1,0
BRDA:499,93,0,1
BRDA:499,93,1,0
BRDA:500,94,0,1
BRDA:500,94,1,0
BRDA:501,95,0,1
BRDA:501,95,1,0
BRDA:502,96,0,1
BRDA:502,96,1,0
BRDA:524,97,0,5
BRDA:524,97,1,4
BRDA:525,98,0,2
BRDA:525,98,1,3
BRDA:526,99,0,1
BRDA:526,99,1,2
BRDA:529,100,0,1
BRDA:529,100,1,3
BRDA:530,101,0,1
BRDA:530,101,1,2
BRDA:548,102,0,4
BRDA:548,102,1,1
BRDA:557,103,0,1
BRDA:557,103,1,0
BRDA:558,104,0,1
BRDA:558,104,1,0
BRDA:559,105,0,1
BRDA:559,105,1,0
BRDA:561,106,0,0
BRDA:561,106,1,0
BRDA:564,107,0,1
BRDA:564,107,1,0
BRDA:565,108,0,0
BRDA:565,108,1,1
BRDA:566,109,0,1
BRDA:566,109,1,0
BRDA:567,110,0,1
BRDA:567,110,1,0
BRDA:589,111,0,5
BRDA:589,111,1,1
BRDA:590,112,0,2
BRDA:590,112,1,3
BRDA:591,113,0,1
BRDA:591,113,1,2
BRDA:594,114,0,0
BRDA:594,114,1,1
BRDA:595,115,0,0
BRDA:595,115,1,1
BRDA:601,116,0,1
BRDA:601,116,1,4
BRDA:602,117,0,1
BRDA:602,117,1,3
BRDA:603,118,0,1
BRDA:603,118,1,2
BRDA:608,119,0,0
BRDA:608,119,1,1
BRDA:609,120,0,0
BRDA:609,120,1,1
BRDA:609,121,0,1
BRDA:609,121,1,0
BRDA:616,122,0,2
BRDA:616,122,1,1
BRDA:617,123,0,1
BRDA:617,123,1,1
BRDA:617,124,0,2
BRDA:617,124,1,1
BRDA:625,125,0,1
BRDA:625,125,1,0
BRDA:640,126,0,1
BRDA:640,126,1,0
BRDA:651,127,0,1
BRDA:651,127,1,0
BRF:262
BRH:149
end_of_record
TN:
SF:src/utils/logger.js
FNF:0
FNH:0
DA:1,1
DA:3,1
DA:15,1
DA:16,1
DA:21,1
LF:5
LH:5
BRDA:4,0,0,1
BRDA:4,0,1,1
BRDA:15,1,0,1
BRDA:15,1,1,0
BRF:4
BRH:3
end_of_record
