TN:
SF:src/constants/riskFactors.js
FN:5,(anonymous_0)
FN:30,(anonymous_1)
FNF:2
FNH:0
FNDA:0,(anonymous_0)
FNDA:0,(anonymous_1)
DA:1,1
DA:5,0
DA:30,0
DA:56,1
DA:105,1
DA:127,1
DA:138,1
DA:198,1
DA:310,1
DA:319,1
LF:10
LH:8
BRF:0
BRH:0
end_of_record
TN:
SF:src/services/scoreCalculator.js
FN:13,(anonymous_0)
FN:21,(anonymous_1)
FN:49,(anonymous_2)
FN:79,(anonymous_3)
FN:82,(anonymous_4)
FN:150,(anonymous_5)
FN:188,(anonymous_6)
FN:194,(anonymous_7)
FN:215,(anonymous_8)
FN:222,(anonymous_9)
FN:231,(anonymous_10)
FN:244,(anonymous_11)
FN:245,(anonymous_12)
FN:252,(anonymous_13)
FN:301,(anonymous_14)
FN:325,(anonymous_15)
FN:350,(anonymous_16)
FN:386,(anonymous_17)
FN:392,(anonymous_18)
FN:398,(anonymous_19)
FN:406,(anonymous_20)
FN:412,(anonymous_21)
FN:418,(anonymous_22)
FN:430,(anonymous_23)
FN:436,(anonymous_24)
FN:442,(anonymous_25)
FN:448,(anonymous_26)
FN:454,(anonymous_27)
FN:464,(anonymous_28)
FN:470,(anonymous_29)
FNF:30
FNH:28
FNDA:3,(anonymous_0)
FNDA:18,(anonymous_1)
FNDA:1,(anonymous_2)
FNDA:3,(anonymous_3)
FNDA:2,(anonymous_4)
FNDA:1,(anonymous_5)
FNDA:4,(anonymous_6)
FNDA:6,(anonymous_7)
FNDA:5,(anonymous_8)
FNDA:5,(anonymous_9)
FNDA:10,(anonymous_10)
FNDA:0,(anonymous_11)
FNDA:0,(anonymous_12)
FNDA:2,(anonymous_13)
FNDA:1,(anonymous_14)
FNDA:1,(anonymous_15)
FNDA:2,(anonymous_16)
FNDA:4,(anonymous_17)
FNDA:1,(anonymous_18)
FNDA:1,(anonymous_19)
FNDA:6,(anonymous_20)
FNDA:3,(anonymous_21)
FNDA:3,(anonymous_22)
FNDA:3,(anonymous_23)
FNDA:3,(anonymous_24)
FNDA:2,(anonymous_25)
FNDA:1,(anonymous_26)
FNDA:3,(anonymous_27)
FNDA:1,(anonymous_28)
FNDA:1,(anonymous_29)
DA:8,1
DA:9,1
DA:14,3
DA:15,3
DA:16,3
DA:17,3
DA:20,3
DA:21,3
DA:22,18
DA:23,4
DA:24,4
DA:29,3
DA:30,3
DA:31,3
DA:32,3
DA:34,3
DA:44,0
DA:45,0
DA:50,1
DA:51,1
DA:52,1
DA:54,1
DA:55,1
DA:56,1
DA:58,1
DA:60,1
DA:74,0
DA:75,0
DA:80,3
DA:82,3
DA:83,1
DA:98,2
DA:100,2
DA:102,1
DA:103,1
DA:104,0
DA:107,1
DA:109,1
DA:111,1
DA:112,1
DA:113,1
DA:114,1
DA:115,1
DA:116,1
DA:119,1
DA:120,1
DA:121,1
DA:122,1
DA:123,1
DA:124,1
DA:125,1
DA:128,2
DA:129,2
DA:131,2
DA:145,0
DA:146,0
DA:151,1
DA:152,1
DA:154,1
DA:155,0
DA:156,1
DA:157,1
DA:158,1
DA:159,1
DA:160,1
DA:161,1
DA:163,1
DA:164,1
DA:165,1
DA:167,1
DA:182,0
DA:183,0
DA:189,4
DA:190,3
DA:191,2
DA:195,6
DA:208,6
DA:209,6
DA:210,12
DA:212,0
DA:216,5
DA:217,4
DA:218,3
DA:219,2
DA:223,5
DA:228,5
DA:232,10
DA:233,6
DA:234,3
DA:235,2
DA:237,4
DA:238,3
DA:239,2
DA:245,0
DA:246,0
DA:247,0
DA:249,0
DA:253,2
DA:254,2
DA:255,2
DA:256,2
DA:259,2
DA:260,1
DA:261,1
DA:263,2
DA:264,1
DA:265,1
DA:267,2
DA:268,1
DA:269,1
DA:271,2
DA:272,1
DA:273,1
DA:275,2
DA:276,1
DA:277,1
DA:280,2
DA:282,2
DA:288,2
DA:296,0
DA:297,0
DA:302,1
DA:303,1
DA:309,1
DA:320,0
DA:321,0
DA:326,1
DA:327,1
DA:330,1
DA:331,1
DA:332,1
DA:333,1
DA:335,1
DA:345,0
DA:346,0
DA:351,2
DA:352,2
DA:355,2
DA:356,1
DA:358,2
DA:359,1
DA:361,2
DA:362,1
DA:364,2
DA:365,1
DA:367,2
DA:368,1
DA:370,2
DA:381,0
DA:382,0
DA:387,4
DA:388,2
DA:389,2
DA:393,1
DA:394,1
DA:395,0
DA:399,1
DA:400,0
DA:401,0
DA:402,0
DA:407,6
DA:408,6
DA:409,6
DA:413,3
DA:414,3
DA:415,3
DA:419,3
DA:427,3
DA:431,3
DA:432,3
DA:433,3
DA:437,3
DA:438,3
DA:439,3
DA:443,2
DA:444,2
DA:445,2
DA:449,1
DA:450,1
DA:451,1
DA:455,3
DA:456,2
DA:457,1
DA:459,1
DA:460,0
DA:465,1
DA:466,1
DA:467,1
DA:471,1
DA:472,1
DA:478,0
DA:482,1
LF:192
LH:163
BRDA:22,0,0,4
BRDA:22,0,1,14
BRDA:29,1,0,3
BRDA:29,1,1,0
BRDA:29,2,0,3
BRDA:29,2,1,0
BRDA:30,3,0,3
BRDA:30,3,1,0
BRDA:31,4,0,1
BRDA:31,4,1,2
BRDA:31,5,0,1
BRDA:31,5,1,0
BRDA:32,6,0,1
BRDA:32,6,1,2
BRDA:32,7,0,0
BRDA:32,7,1,1
BRDA:54,8,0,1
BRDA:54,8,1,0
BRDA:55,9,0,1
BRDA:55,9,1,0
BRDA:56,10,0,1
BRDA:56,10,1,0
BRDA:82,11,0,1
BRDA:82,11,1,2
BRDA:82,12,0,3
BRDA:82,12,1,3
BRDA:82,12,2,2
BRDA:100,13,0,1
BRDA:100,13,1,1
BRDA:102,14,0,1
BRDA:102,14,1,0
BRDA:102,15,0,1
BRDA:102,15,1,1
BRDA:103,16,0,1
BRDA:103,16,1,0
BRDA:104,17,0,0
BRDA:104,17,1,0
BRDA:107,18,0,1
BRDA:107,18,1,0
BRDA:107,19,0,1
BRDA:107,19,1,0
BRDA:107,19,2,0
BRDA:111,20,0,1
BRDA:111,20,1,0
BRDA:111,21,0,1
BRDA:111,21,1,1
BRDA:111,21,2,1
BRDA:112,22,0,1
BRDA:112,22,1,0
BRDA:112,23,0,1
BRDA:112,23,1,1
BRDA:112,23,2,1
BRDA:113,24,0,1
BRDA:113,24,1,0
BRDA:113,25,0,1
BRDA:113,25,1,1
BRDA:113,25,2,1
BRDA:114,26,0,1
BRDA:114,26,1,0
BRDA:114,27,0,1
BRDA:114,27,1,1
BRDA:114,27,2,1
BRDA:115,28,0,0
BRDA:115,28,1,1
BRDA:115,29,0,1
BRDA:115,29,1,1
BRDA:116,30,0,0
BRDA:116,30,1,1
BRDA:116,31,0,1
BRDA:116,31,1,0
BRDA:116,31,2,0
BRDA:119,32,0,1
BRDA:119,32,1,0
BRDA:119,33,0,1
BRDA:119,33,1,1
BRDA:119,33,2,1
BRDA:120,34,0,0
BRDA:120,34,1,1
BRDA:120,35,0,1
BRDA:120,35,1,0
BRDA:120,35,2,0
BRDA:121,36,0,1
BRDA:121,36,1,0
BRDA:122,37,0,0
BRDA:122,37,1,1
BRDA:123,38,0,1
BRDA:123,38,1,0
BRDA:124,39,0,1
BRDA:124,39,1,0
BRDA:125,40,0,1
BRDA:125,40,1,0
BRDA:154,41,0,1
BRDA:154,41,1,0
BRDA:155,42,0,0
BRDA:155,42,1,0
BRDA:156,43,0,1
BRDA:156,43,1,0
BRDA:157,44,0,1
BRDA:157,44,1,0
BRDA:158,45,0,1
BRDA:158,45,1,0
BRDA:159,46,0,0
BRDA:159,46,1,1
BRDA:160,47,0,1
BRDA:160,47,1,0
BRDA:161,48,0,1
BRDA:161,48,1,0
BRDA:189,49,0,1
BRDA:189,49,1,3
BRDA:190,50,0,1
BRDA:190,50,1,2
BRDA:208,51,0,5
BRDA:208,51,1,1
BRDA:210,52,0,6
BRDA:210,52,1,6
BRDA:216,53,0,1
BRDA:216,53,1,4
BRDA:217,54,0,1
BRDA:217,54,1,3
BRDA:218,55,0,1
BRDA:218,55,1,2
BRDA:232,56,0,6
BRDA:232,56,1,4
BRDA:233,57,0,3
BRDA:233,57,1,3
BRDA:234,58,0,1
BRDA:234,58,1,2
BRDA:237,59,0,1
BRDA:237,59,1,3
BRDA:238,60,0,1
BRDA:238,60,1,2
BRDA:246,61,0,0
BRDA:246,61,1,0
BRDA:259,62,0,1
BRDA:259,62,1,1
BRDA:260,63,0,0
BRDA:260,63,1,1
BRDA:261,64,0,1
BRDA:261,64,1,0
BRDA:263,65,0,1
BRDA:263,65,1,1
BRDA:264,66,0,0
BRDA:264,66,1,1
BRDA:267,67,0,1
BRDA:267,67,1,1
BRDA:268,68,0,0
BRDA:268,68,1,1
BRDA:271,69,0,1
BRDA:271,69,1,1
BRDA:272,70,0,0
BRDA:272,70,1,1
BRDA:275,71,0,1
BRDA:275,71,1,1
BRDA:276,72,0,0
BRDA:276,72,1,1
BRDA:277,73,0,1
BRDA:277,73,1,0
BRDA:280,74,0,1
BRDA:280,74,1,1
BRDA:280,75,0,0
BRDA:280,75,1,1
BRDA:330,76,0,0
BRDA:330,76,1,1
BRDA:331,77,0,0
BRDA:331,77,1,1
BRDA:332,78,0,0
BRDA:332,78,1,1
BRDA:333,79,0,1
BRDA:333,79,1,0
BRDA:355,80,0,1
BRDA:355,80,1,1
BRDA:356,81,0,0
BRDA:356,81,1,1
BRDA:358,82,0,1
BRDA:358,82,1,1
BRDA:359,83,0,0
BRDA:359,83,1,1
BRDA:361,84,0,1
BRDA:361,84,1,1
BRDA:362,85,0,0
BRDA:362,85,1,1
BRDA:362,86,0,1
BRDA:362,86,1,1
BRDA:362,86,2,1
BRDA:364,87,0,1
BRDA:364,87,1,1
BRDA:365,88,0,0
BRDA:365,88,1,1
BRDA:367,89,0,1
BRDA:367,89,1,1
BRDA:368,90,0,0
BRDA:368,90,1,1
BRDA:368,91,0,1
BRDA:368,91,1,1
BRDA:387,92,0,2
BRDA:387,92,1,2
BRDA:388,93,0,0
BRDA:388,93,1,2
BRDA:393,94,0,0
BRDA:393,94,1,1
BRDA:394,95,0,1
BRDA:394,95,1,0
BRDA:399,96,0,1
BRDA:399,96,1,0
BRDA:400,97,0,0
BRDA:400,97,1,0
BRDA:401,98,0,0
BRDA:401,98,1,0
BRDA:407,99,0,0
BRDA:407,99,1,6
BRDA:408,100,0,0
BRDA:408,100,1,6
BRDA:413,101,0,0
BRDA:413,101,1,3
BRDA:414,102,0,0
BRDA:414,102,1,3
BRDA:431,103,0,0
BRDA:431,103,1,3
BRDA:432,104,0,0
BRDA:432,104,1,3
BRDA:437,105,0,0
BRDA:437,105,1,3
BRDA:438,106,0,0
BRDA:438,106,1,3
BRDA:443,107,0,0
BRDA:443,107,1,2
BRDA:444,108,0,0
BRDA:444,108,1,2
BRDA:449,109,0,0
BRDA:449,109,1,1
BRDA:450,110,0,0
BRDA:450,110,1,1
BRDA:455,111,0,2
BRDA:455,111,1,1
BRDA:456,112,0,1
BRDA:456,112,1,1
BRDA:459,113,0,1
BRDA:459,113,1,0
BRDA:465,114,0,0
BRDA:465,114,1,1
BRDA:466,115,0,0
BRDA:466,115,1,1
BRDA:471,116,0,1
BRDA:471,116,1,0
BRF:244
BRH:160
end_of_record
TN:
SF:src/utils/logger.js
FNF:0
FNH:0
DA:1,1
DA:3,1
DA:15,1
DA:16,1
DA:21,1
LF:5
LH:5
BRDA:4,0,0,1
BRDA:4,0,1,1
BRDA:15,1,0,1
BRDA:15,1,1,0
BRF:4
BRH:3
end_of_record
